diff -u /__w/timescaledb/timescaledb/tsl/test/expected/compress_bitmap_scan.out /__w/timescaledb/timescaledb/build/tsl/test/results/compress_bitmap_scan.out
--- /__w/timescaledb/timescaledb/tsl/test/expected/compress_bitmap_scan.out	2025-11-06 10:19:49.597590826 +0000
+++ /__w/timescaledb/timescaledb/build/tsl/test/results/compress_bitmap_scan.out	2025-11-06 10:27:30.624858423 +0000
@@ -114,6 +114,7 @@
 --- QUERY PLAN ---
  Nested Loop (actual rows=324.00 loops=1)
    Output: t1.ts, t1.s, t1.id, t1.payload, t2.ts, t2.s, t2.id, t2.payload
+   Join Filter: (t1.s = t2.s)
    ->  Append (actual rows=18.00 loops=1)
          ->  Custom Scan (ColumnarScan) on _timescaledb_internal._hyper_1_1_chunk t2_1 (actual rows=10.00 loops=1)
                Output: t2_1.ts, t2_1.s, t2_1.id, t2_1.payload
@@ -145,27 +146,29 @@
                                  Index Cond: ((compress_hyper_2_4_chunk_1._ts_meta_min_1 <= 1) AND (compress_hyper_2_4_chunk_1._ts_meta_max_1 >= 1))
                            ->  Bitmap Index Scan on compress_hyper_2_4_chunk_s__ts_meta_min_1__ts_meta_max_1__t_idx (actual rows=5.00 loops=1)
                                  Index Cond: ((compress_hyper_2_4_chunk_1._ts_meta_min_1 <= 2) AND (compress_hyper_2_4_chunk_1._ts_meta_max_1 >= 2))
-   ->  Append (actual rows=18.00 loops=18)
-         ->  Custom Scan (ColumnarScan) on _timescaledb_internal._hyper_1_1_chunk t1_1 (actual rows=10.00 loops=18)
-               Output: t1_1.ts, t1_1.s, t1_1.id, t1_1.payload
-               Vectorized Filter: (t1_1.payload = '-537'::integer)
-               Rows Removed by Filter: 990
-               Bulk Decompression: true
-               ->  Index Scan using compress_hyper_2_3_chunk_s__ts_meta_min_1__ts_meta_max_1__t_idx on _timescaledb_internal.compress_hyper_2_3_chunk (actual rows=1.00 loops=18)
-                     Output: compress_hyper_2_3_chunk._ts_meta_count, compress_hyper_2_3_chunk.s, compress_hyper_2_3_chunk._ts_meta_min_2, compress_hyper_2_3_chunk._ts_meta_max_2, compress_hyper_2_3_chunk.ts, compress_hyper_2_3_chunk._ts_meta_min_1, compress_hyper_2_3_chunk._ts_meta_max_1, compress_hyper_2_3_chunk.id, compress_hyper_2_3_chunk._ts_meta_v2_bloom1_payload, compress_hyper_2_3_chunk.payload
-                     Index Cond: (compress_hyper_2_3_chunk.s = t2.s)
-                     Filter: _timescaledb_functions.bloom1_contains(compress_hyper_2_3_chunk._ts_meta_v2_bloom1_payload, '-537'::integer)
-                     Rows Removed by Filter: 2
-         ->  Custom Scan (ColumnarScan) on _timescaledb_internal._hyper_1_2_chunk t1_2 (actual rows=8.00 loops=18)
-               Output: t1_2.ts, t1_2.s, t1_2.id, t1_2.payload
-               Vectorized Filter: (t1_2.payload = '-537'::integer)
-               Rows Removed by Filter: 992
-               Bulk Decompression: true
-               ->  Index Scan using compress_hyper_2_4_chunk_s__ts_meta_min_1__ts_meta_max_1__t_idx on _timescaledb_internal.compress_hyper_2_4_chunk (actual rows=1.00 loops=18)
-                     Output: compress_hyper_2_4_chunk._ts_meta_count, compress_hyper_2_4_chunk.s, compress_hyper_2_4_chunk._ts_meta_min_2, compress_hyper_2_4_chunk._ts_meta_max_2, compress_hyper_2_4_chunk.ts, compress_hyper_2_4_chunk._ts_meta_min_1, compress_hyper_2_4_chunk._ts_meta_max_1, compress_hyper_2_4_chunk.id, compress_hyper_2_4_chunk._ts_meta_v2_bloom1_payload, compress_hyper_2_4_chunk.payload
-                     Index Cond: (compress_hyper_2_4_chunk.s = t2.s)
-                     Filter: _timescaledb_functions.bloom1_contains(compress_hyper_2_4_chunk._ts_meta_v2_bloom1_payload, '-537'::integer)
-                     Rows Removed by Filter: 2
+   ->  Materialize (actual rows=18.00 loops=18)
+         Output: t1.ts, t1.s, t1.id, t1.payload
+         ->  Append (actual rows=18.00 loops=1)
+               ->  Custom Scan (ColumnarScan) on _timescaledb_internal._hyper_1_1_chunk t1_1 (actual rows=10.00 loops=1)
+                     Output: t1_1.ts, t1_1.s, t1_1.id, t1_1.payload
+                     Vectorized Filter: (t1_1.payload = '-537'::integer)
+                     Rows Removed by Filter: 1262
+                     Batches Removed by Filter: 3
+                     Bulk Decompression: true
+                     ->  Seq Scan on _timescaledb_internal.compress_hyper_2_3_chunk (actual rows=4.00 loops=1)
+                           Output: compress_hyper_2_3_chunk._ts_meta_count, compress_hyper_2_3_chunk.s, compress_hyper_2_3_chunk._ts_meta_min_2, compress_hyper_2_3_chunk._ts_meta_max_2, compress_hyper_2_3_chunk.ts, compress_hyper_2_3_chunk._ts_meta_min_1, compress_hyper_2_3_chunk._ts_meta_max_1, compress_hyper_2_3_chunk.id, compress_hyper_2_3_chunk._ts_meta_v2_bloom1_payload, compress_hyper_2_3_chunk.payload
+                           Filter: _timescaledb_functions.bloom1_contains(compress_hyper_2_3_chunk._ts_meta_v2_bloom1_payload, '-537'::integer)
+                           Rows Removed by Filter: 713
+               ->  Custom Scan (ColumnarScan) on _timescaledb_internal._hyper_1_2_chunk t1_2 (actual rows=8.00 loops=1)
+                     Output: t1_2.ts, t1_2.s, t1_2.id, t1_2.payload
+                     Vectorized Filter: (t1_2.payload = '-537'::integer)
+                     Rows Removed by Filter: 1264
+                     Batches Removed by Filter: 3
+                     Bulk Decompression: true
+                     ->  Seq Scan on _timescaledb_internal.compress_hyper_2_4_chunk (actual rows=4.00 loops=1)
+                           Output: compress_hyper_2_4_chunk._ts_meta_count, compress_hyper_2_4_chunk.s, compress_hyper_2_4_chunk._ts_meta_min_2, compress_hyper_2_4_chunk._ts_meta_max_2, compress_hyper_2_4_chunk.ts, compress_hyper_2_4_chunk._ts_meta_min_1, compress_hyper_2_4_chunk._ts_meta_max_1, compress_hyper_2_4_chunk.id, compress_hyper_2_4_chunk._ts_meta_v2_bloom1_payload, compress_hyper_2_4_chunk.payload
+                           Filter: _timescaledb_functions.bloom1_contains(compress_hyper_2_4_chunk._ts_meta_v2_bloom1_payload, '-537'::integer)
+                           Rows Removed by Filter: 713
 
 ;
 reset enable_mergejoin;
diff -u /__w/timescaledb/timescaledb/tsl/test/expected/compression.out /__w/timescaledb/timescaledb/build/tsl/test/results/compression.out
--- /__w/timescaledb/timescaledb/tsl/test/expected/compression.out	2025-11-06 10:19:49.599590831 +0000
+++ /__w/timescaledb/timescaledb/build/tsl/test/results/compression.out	2025-11-06 10:27:39.281871440 +0000
@@ -1601,18 +1601,12 @@
 :explain
 SELECT sum(cpu) FROM f_sensor_data;
 --- QUERY PLAN ---
- Finalize Aggregate
+ Aggregate
    Output: sum(_hyper_37_73_chunk.cpu)
-   ->  Gather
-         Output: (PARTIAL sum(_hyper_37_73_chunk.cpu))
-         Workers Planned: 4
-         ->  Custom Scan (VectorAgg)
-               Output: (PARTIAL sum(_hyper_37_73_chunk.cpu))
-               Grouping Policy: all compressed batches
-               ->  Custom Scan (ColumnarScan) on _timescaledb_internal._hyper_37_73_chunk
-                     Output: _hyper_37_73_chunk.cpu
-                     ->  Parallel Seq Scan on _timescaledb_internal.compress_hyper_38_74_chunk
-                           Output: compress_hyper_38_74_chunk._ts_meta_count, compress_hyper_38_74_chunk.sensor_id, compress_hyper_38_74_chunk._ts_meta_min_1, compress_hyper_38_74_chunk._ts_meta_max_1, compress_hyper_38_74_chunk."time", compress_hyper_38_74_chunk.cpu, compress_hyper_38_74_chunk.temperature
+   ->  Custom Scan (ColumnarScan) on _timescaledb_internal._hyper_37_73_chunk
+         Output: _hyper_37_73_chunk.cpu
+         ->  Seq Scan on _timescaledb_internal.compress_hyper_38_74_chunk
+               Output: compress_hyper_38_74_chunk._ts_meta_count, compress_hyper_38_74_chunk.sensor_id, compress_hyper_38_74_chunk._ts_meta_min_1, compress_hyper_38_74_chunk._ts_meta_max_1, compress_hyper_38_74_chunk."time", compress_hyper_38_74_chunk.cpu, compress_hyper_38_74_chunk.temperature
 
 CREATE INDEX ON f_sensor_data (time, sensor_id);
 :explain
diff -u /__w/timescaledb/timescaledb/tsl/test/expected/compression_update_delete-16.out /__w/timescaledb/timescaledb/build/tsl/test/results/compression_update_delete-16.out
--- /__w/timescaledb/timescaledb/tsl/test/expected/compression_update_delete-16.out	2025-11-06 10:19:49.604590845 +0000
+++ /__w/timescaledb/timescaledb/build/tsl/test/results/compression_update_delete-16.out	2025-11-06 10:29:03.496037847 +0000
@@ -2588,29 +2588,18 @@
 -- All 3 chunks will now become partially compressed chunks
 EXPLAIN (buffers off, costs off) SELECT * FROM test_partials ORDER BY time;
 --- QUERY PLAN ---
- Custom Scan (ChunkAppend) on test_partials
-   Order: test_partials."time"
-   ->  Merge Append
-         Sort Key: test_partials."time"
+ Sort
+   Sort Key: test_partials."time"
+   ->  Append
          ->  Custom Scan (ColumnarScan) on _hyper_35_68_chunk
-               ->  Sort
-                     Sort Key: compress_hyper_36_71_chunk._ts_meta_min_1, compress_hyper_36_71_chunk._ts_meta_max_1
-                     ->  Seq Scan on compress_hyper_36_71_chunk
-         ->  Index Scan Backward using _hyper_35_68_chunk_test_partials_time_idx on _hyper_35_68_chunk
-   ->  Merge Append
-         Sort Key: test_partials."time"
+               ->  Seq Scan on compress_hyper_36_71_chunk
+         ->  Seq Scan on _hyper_35_68_chunk
          ->  Custom Scan (ColumnarScan) on _hyper_35_69_chunk
-               ->  Sort
-                     Sort Key: compress_hyper_36_72_chunk._ts_meta_min_1, compress_hyper_36_72_chunk._ts_meta_max_1
-                     ->  Seq Scan on compress_hyper_36_72_chunk
-         ->  Index Scan Backward using _hyper_35_69_chunk_test_partials_time_idx on _hyper_35_69_chunk
-   ->  Merge Append
-         Sort Key: test_partials."time"
+               ->  Seq Scan on compress_hyper_36_72_chunk
+         ->  Seq Scan on _hyper_35_69_chunk
          ->  Custom Scan (ColumnarScan) on _hyper_35_70_chunk
-               ->  Sort
-                     Sort Key: compress_hyper_36_73_chunk._ts_meta_min_1, compress_hyper_36_73_chunk._ts_meta_max_1
-                     ->  Seq Scan on compress_hyper_36_73_chunk
-         ->  Index Scan Backward using _hyper_35_70_chunk_test_partials_time_idx on _hyper_35_70_chunk
+               ->  Seq Scan on compress_hyper_36_73_chunk
+         ->  Seq Scan on _hyper_35_70_chunk
 
 -- verify correct results
 SELECT * FROM test_partials ORDER BY time;
diff -u /__w/timescaledb/timescaledb/tsl/test/expected/plan_skip_scan-16.out /__w/timescaledb/timescaledb/build/tsl/test/results/plan_skip_scan-16.out
--- /__w/timescaledb/timescaledb/tsl/test/expected/plan_skip_scan-16.out	2025-11-06 10:19:49.615590876 +0000
+++ /__w/timescaledb/timescaledb/build/tsl/test/results/plan_skip_scan-16.out	2025-11-06 10:31:22.223296544 +0000
@@ -6812,19 +6812,18 @@
 :PREFIX SELECT DISTINCT ON (dev) dev FROM :TABLE WHERE time BETWEEN 100 AND 300;
 --- QUERY PLAN ---
  Unique (actual rows=11.00 loops=1)
-   ->  Merge Append (actual rows=22.00 loops=1)
+   ->  Merge Append (actual rows=2015.00 loops=1)
          Sort Key: skip_scan_htcl.dev
-         ->  Custom Scan (SkipScan) on _hyper_5_9_chunk (actual rows=11.00 loops=1)
-               ->  Custom Scan (ColumnarScan) on _hyper_5_9_chunk (actual rows=11.00 loops=1)
-                     Vectorized Filter: (("time" >= 100) AND ("time" <= 300))
-                     ->  Index Scan using compress_hyper_6_10_chunk_dev__ts_meta_min_1__ts_meta_max_1_idx on compress_hyper_6_10_chunk (actual rows=11.00 loops=1)
-                           Index Cond: ((_ts_meta_min_1 <= 300) AND (_ts_meta_max_1 >= 100))
-         ->  Custom Scan (SkipScan) on _hyper_5_11_chunk (actual rows=11.00 loops=1)
-               ->  Custom Scan (ColumnarScan) on _hyper_5_11_chunk (actual rows=11.00 loops=1)
-                     Vectorized Filter: (("time" >= 100) AND ("time" <= 300))
-                     Rows Removed by Filter: 1993
-                     ->  Index Scan using compress_hyper_6_14_chunk_dev__ts_meta_min_1__ts_meta_max_1_idx on compress_hyper_6_14_chunk (actual rows=11.00 loops=1)
-                           Index Cond: ((_ts_meta_min_1 <= 300) AND (_ts_meta_max_1 >= 100))
+         ->  Custom Scan (ColumnarScan) on _hyper_5_9_chunk (actual rows=1503.00 loops=1)
+               Vectorized Filter: (("time" >= 100) AND ("time" <= 300))
+               Rows Removed by Filter: 1002
+               ->  Index Scan using compress_hyper_6_10_chunk_dev__ts_meta_min_1__ts_meta_max_1_idx on compress_hyper_6_10_chunk (actual rows=11.00 loops=1)
+                     Index Cond: ((_ts_meta_min_1 <= 300) AND (_ts_meta_max_1 >= 100))
+         ->  Custom Scan (ColumnarScan) on _hyper_5_11_chunk (actual rows=512.00 loops=1)
+               Vectorized Filter: (("time" >= 100) AND ("time" <= 300))
+               Rows Removed by Filter: 1993
+               ->  Index Scan using compress_hyper_6_14_chunk_dev__ts_meta_min_1__ts_meta_max_1_idx on compress_hyper_6_14_chunk (actual rows=11.00 loops=1)
+                     Index Cond: ((_ts_meta_min_1 <= 300) AND (_ts_meta_max_1 >= 100))
 
 :PREFIX SELECT DISTINCT ON (dev) dev FROM :TABLE WHERE time < 200;
 --- QUERY PLAN ---
@@ -7275,12 +7274,11 @@
 :PREFIX SELECT DISTINCT ON (dev) dev,time FROM :TABLE WHERE dev > 5 AND time = 100;
 --- QUERY PLAN ---
  Unique (actual rows=5.00 loops=1)
-   ->  Custom Scan (SkipScan) on _hyper_5_9_chunk (actual rows=5.00 loops=1)
-         ->  Custom Scan (ColumnarScan) on _hyper_5_9_chunk (actual rows=5.00 loops=1)
-               Vectorized Filter: ("time" = 100)
-               Rows Removed by Filter: 745
-               ->  Index Scan using compress_hyper_6_10_chunk_dev__ts_meta_min_1__ts_meta_max_1_idx on compress_hyper_6_10_chunk (actual rows=5.00 loops=1)
-                     Index Cond: ((dev > 5) AND (_ts_meta_min_1 <= 100) AND (_ts_meta_max_1 >= 100))
+   ->  Custom Scan (ColumnarScan) on _hyper_5_9_chunk (actual rows=5.00 loops=1)
+         Vectorized Filter: ("time" = 100)
+         Rows Removed by Filter: 1245
+         ->  Index Scan using compress_hyper_6_10_chunk_dev__ts_meta_min_1__ts_meta_max_1_idx on compress_hyper_6_10_chunk (actual rows=5.00 loops=1)
+               Index Cond: ((dev > 5) AND (_ts_meta_min_1 <= 100) AND (_ts_meta_max_1 >= 100))
 
 :PREFIX SELECT DISTINCT ON (dev) dev,time FROM :TABLE WHERE dev > 5 AND time > 200;
 --- QUERY PLAN ---
@@ -7333,12 +7331,11 @@
 :PREFIX SELECT DISTINCT ON (dev) dev,time,val FROM :TABLE WHERE time > 100 AND time < 200 AND val > 10 AND val < 10000 AND dev > 2 AND dev < 7 ORDER BY dev,time DESC;
 --- QUERY PLAN ---
  Unique (actual rows=0.00 loops=1)
-   ->  Custom Scan (SkipScan) on _hyper_5_9_chunk (actual rows=0.00 loops=1)
-         ->  Custom Scan (ColumnarScan) on _hyper_5_9_chunk (actual rows=0.00 loops=1)
-               Vectorized Filter: (("time" > 100) AND ("time" < 200) AND (val > 10) AND (val < 10000))
-               Rows Removed by Filter: 1000
-               ->  Index Scan using compress_hyper_6_10_chunk_dev__ts_meta_min_1__ts_meta_max_1_idx on compress_hyper_6_10_chunk (actual rows=4.00 loops=1)
-                     Index Cond: ((dev > 2) AND (dev < 7) AND (_ts_meta_min_1 < 200) AND (_ts_meta_max_1 > 100))
+   ->  Custom Scan (ColumnarScan) on _hyper_5_9_chunk (actual rows=0.00 loops=1)
+         Vectorized Filter: (("time" > 100) AND ("time" < 200) AND (val > 10) AND (val < 10000))
+         Rows Removed by Filter: 1000
+         ->  Index Scan using compress_hyper_6_10_chunk_dev__ts_meta_min_1__ts_meta_max_1_idx on compress_hyper_6_10_chunk (actual rows=4.00 loops=1)
+               Index Cond: ((dev > 2) AND (dev < 7) AND (_ts_meta_min_1 < 200) AND (_ts_meta_max_1 > 100))
 
 :PREFIX SELECT DISTINCT ON (dev) dev FROM :TABLE WHERE dev IS NULL;
 --- QUERY PLAN ---
diff -u /__w/timescaledb/timescaledb/tsl/test/expected/plan_skip_scan_dagg-16.out /__w/timescaledb/timescaledb/build/tsl/test/results/plan_skip_scan_dagg-16.out
--- /__w/timescaledb/timescaledb/tsl/test/expected/plan_skip_scan_dagg-16.out	2025-11-06 10:19:49.618590885 +0000
+++ /__w/timescaledb/timescaledb/build/tsl/test/results/plan_skip_scan_dagg-16.out	2025-11-06 10:31:20.556294417 +0000
@@ -2885,11 +2885,8 @@
    ->  Custom Scan (ColumnarScan) on _hyper_1_1_chunk (actual rows=11.00 loops=1)
          Vectorized Filter: ("time" = 100)
          Rows Removed by Filter: 2494
-         ->  Sort (actual rows=11.00 loops=1)
-               Sort Key: compress_hyper_2_17_chunk.dev
-               Sort Method: quicksort 
-               ->  Seq Scan on compress_hyper_2_17_chunk (actual rows=11.00 loops=1)
-                     Filter: ((_ts_meta_min_1 <= 100) AND (_ts_meta_max_1 >= 100))
+         ->  Index Scan using compress_hyper_2_17_chunk_dev__ts_meta_min_1__ts_meta_max_1_idx on compress_hyper_2_17_chunk (actual rows=11.00 loops=1)
+               Index Cond: ((_ts_meta_min_1 <= 100) AND (_ts_meta_max_1 >= 100))
 
 SELECT decompress_chunk('_timescaledb_internal._hyper_1_1_chunk');
             decompress_chunk            
@@ -5492,19 +5489,18 @@
 --- QUERY PLAN ---
  GroupAggregate (actual rows=11.00 loops=1)
    Group Key: skip_scan_htcl.dev
-   ->  Merge Append (actual rows=22.00 loops=1)
+   ->  Merge Append (actual rows=2015.00 loops=1)
          Sort Key: skip_scan_htcl.dev
-         ->  Custom Scan (SkipScan) on _hyper_5_9_chunk (actual rows=11.00 loops=1)
-               ->  Custom Scan (ColumnarScan) on _hyper_5_9_chunk (actual rows=11.00 loops=1)
-                     Vectorized Filter: (("time" >= 100) AND ("time" <= 300))
-                     ->  Index Scan using compress_hyper_6_10_chunk_dev__ts_meta_min_1__ts_meta_max_1_idx on compress_hyper_6_10_chunk (actual rows=11.00 loops=1)
-                           Index Cond: ((_ts_meta_min_1 <= 300) AND (_ts_meta_max_1 >= 100))
-         ->  Custom Scan (SkipScan) on _hyper_5_11_chunk (actual rows=11.00 loops=1)
-               ->  Custom Scan (ColumnarScan) on _hyper_5_11_chunk (actual rows=11.00 loops=1)
-                     Vectorized Filter: (("time" >= 100) AND ("time" <= 300))
-                     Rows Removed by Filter: 1993
-                     ->  Index Scan using compress_hyper_6_14_chunk_dev__ts_meta_min_1__ts_meta_max_1_idx on compress_hyper_6_14_chunk (actual rows=11.00 loops=1)
-                           Index Cond: ((_ts_meta_min_1 <= 300) AND (_ts_meta_max_1 >= 100))
+         ->  Custom Scan (ColumnarScan) on _hyper_5_9_chunk (actual rows=1503.00 loops=1)
+               Vectorized Filter: (("time" >= 100) AND ("time" <= 300))
+               Rows Removed by Filter: 1002
+               ->  Index Scan using compress_hyper_6_10_chunk_dev__ts_meta_min_1__ts_meta_max_1_idx on compress_hyper_6_10_chunk (actual rows=11.00 loops=1)
+                     Index Cond: ((_ts_meta_min_1 <= 300) AND (_ts_meta_max_1 >= 100))
+         ->  Custom Scan (ColumnarScan) on _hyper_5_11_chunk (actual rows=512.00 loops=1)
+               Vectorized Filter: (("time" >= 100) AND ("time" <= 300))
+               Rows Removed by Filter: 1993
+               ->  Index Scan using compress_hyper_6_14_chunk_dev__ts_meta_min_1__ts_meta_max_1_idx on compress_hyper_6_14_chunk (actual rows=11.00 loops=1)
+                     Index Cond: ((_ts_meta_min_1 <= 300) AND (_ts_meta_max_1 >= 100))
 
 :PREFIX SELECT count(DISTINCT dev), dev FROM :TABLE WHERE time < 200 GROUP BY dev;
 --- QUERY PLAN ---
@@ -5983,12 +5979,11 @@
 --- QUERY PLAN ---
  GroupAggregate (actual rows=0.00 loops=1)
    Group Key: _hyper_5_9_chunk.dev
-   ->  Custom Scan (SkipScan) on _hyper_5_9_chunk (actual rows=0.00 loops=1)
-         ->  Custom Scan (ColumnarScan) on _hyper_5_9_chunk (actual rows=0.00 loops=1)
-               Vectorized Filter: (("time" > 100) AND ("time" < 200) AND (val > 10) AND (val < 10000))
-               Rows Removed by Filter: 1000
-               ->  Index Scan using compress_hyper_6_10_chunk_dev__ts_meta_min_1__ts_meta_max_1_idx on compress_hyper_6_10_chunk (actual rows=4.00 loops=1)
-                     Index Cond: ((dev > 2) AND (dev < 7) AND (_ts_meta_min_1 < 200) AND (_ts_meta_max_1 > 100))
+   ->  Custom Scan (ColumnarScan) on _hyper_5_9_chunk (actual rows=0.00 loops=1)
+         Vectorized Filter: (("time" > 100) AND ("time" < 200) AND (val > 10) AND (val < 10000))
+         Rows Removed by Filter: 1000
+         ->  Index Scan using compress_hyper_6_10_chunk_dev__ts_meta_min_1__ts_meta_max_1_idx on compress_hyper_6_10_chunk (actual rows=4.00 loops=1)
+               Index Cond: ((dev > 2) AND (dev < 7) AND (_ts_meta_min_1 < 200) AND (_ts_meta_max_1 > 100))
 
 :PREFIX SELECT count(DISTINCT dev) FROM :TABLE WHERE dev IS NULL;
 --- QUERY PLAN ---
diff -u /__w/timescaledb/timescaledb/tsl/test/expected/skip_scan.out /__w/timescaledb/timescaledb/build/tsl/test/results/skip_scan.out
--- /__w/timescaledb/timescaledb/tsl/test/expected/skip_scan.out	2025-11-06 10:19:49.622590896 +0000
+++ /__w/timescaledb/timescaledb/build/tsl/test/results/skip_scan.out	2025-11-06 10:31:58.581371004 +0000
@@ -2837,10 +2837,6 @@
 psql:include/skip_scan_multi_query.sql:34: INFO:  SkipScan used on compress_hyper_9_76_chunk_status_region_dev_dev_name__ts_me_idx(region NOT NULL, dev NOT NULL, dev_name NOT NULL)
 \qecho ordered append on :TABLE
 :PREFIX SELECT DISTINCT ON (region, dev) region, dev FROM :TABLE WHERE status = 1 AND time BETWEEN 0 AND 5000;
-psql:include/skip_scan_multi_query.sql:37: INFO:  SkipScan used on compress_hyper_9_73_chunk_status_region_dev_dev_name__ts_me_idx(region NOT NULL, dev NOT NULL)
-psql:include/skip_scan_multi_query.sql:37: INFO:  SkipScan used on compress_hyper_9_74_chunk_status_region_dev_dev_name__ts_me_idx(region NOT NULL, dev NOT NULL)
-psql:include/skip_scan_multi_query.sql:37: INFO:  SkipScan used on compress_hyper_9_75_chunk_status_region_dev_dev_name__ts_me_idx(region NOT NULL, dev NOT NULL)
-psql:include/skip_scan_multi_query.sql:37: INFO:  SkipScan used on compress_hyper_9_76_chunk_status_region_dev_dev_name__ts_me_idx(region NOT NULL, dev NOT NULL)
 \qecho SUBSELECTS on :TABLE
 :PREFIX SELECT time, region, dev, val, 'q4_1' FROM (SELECT DISTINCT ON (region, dev) * FROM :TABLE WHERE status = 1) a;
 psql:include/skip_scan_multi_query.sql:40: INFO:  SkipScan used on compress_hyper_9_73_chunk_status_region_dev_dev_name__ts_me_idx(region NOT NULL, dev NOT NULL)
diff -u /__w/timescaledb/timescaledb/tsl/test/expected/transparent_decompression_join_index.out /__w/timescaledb/timescaledb/build/tsl/test/results/transparent_decompression_join_index.out
--- /__w/timescaledb/timescaledb/tsl/test/expected/transparent_decompression_join_index.out	2025-11-06 10:19:49.625590905 +0000
+++ /__w/timescaledb/timescaledb/build/tsl/test/results/transparent_decompression_join_index.out	2025-11-06 10:31:27.961307657 +0000
@@ -64,12 +64,11 @@
                Sort Key: compress_hyper_2_2_chunk._ts_meta_min_1
                ->  Index Scan using compress_hyper_2_2_chunk_a_b__ts_meta_min_1__ts_meta_max_1_idx on compress_hyper_2_2_chunk
                      Index Cond: ((_ts_meta_min_1 <= 'Wed Jan 01 00:02:00 2020 PST'::timestamp with time zone) AND (_ts_meta_max_1 >= 'Wed Jan 01 00:00:00 2020 PST'::timestamp with time zone))
-   ->  Materialize
-         ->  Unique
-               ->  Sort
-                     Sort Key: test_copy.a
-                     ->  Seq Scan on test_copy
-                           Filter: (((a)::text = ANY ('{lat,lon}'::text[])) AND (b = 1))
+   ->  Unique
+         ->  Sort
+               Sort Key: test_copy.a
+               ->  Seq Scan on test_copy
+                     Filter: (((a)::text = ANY ('{lat,lon}'::text[])) AND (b = 1))
 
 with query_params as (
 	select distinct a, b
diff -u /__w/timescaledb/timescaledb/tsl/test/expected/transparent_decompression_ordered_index-16.out /__w/timescaledb/timescaledb/build/tsl/test/results/transparent_decompression_ordered_index-16.out
--- /__w/timescaledb/timescaledb/tsl/test/expected/transparent_decompression_ordered_index-16.out	2025-11-06 10:19:49.626590908 +0000
+++ /__w/timescaledb/timescaledb/build/tsl/test/results/transparent_decompression_ordered_index-16.out	2025-11-06 10:31:30.957314313 +0000
@@ -295,12 +295,12 @@
 WHERE extract(minute FROM d.time) = 0;
 --- QUERY PLAN ---
  Unique (actual rows=1.00 loops=1)
-   ->  Sort (actual rows=12.00 loops=1)
-         Sort Key: d.device_id
-         Sort Method: quicksort 
-         ->  Nested Loop (actual rows=12.00 loops=1)
-               ->  Custom Scan (ChunkAppend) on metrics_ordered_idx d (actual rows=389.00 loops=1)
-                     Chunks excluded during startup: 0
+   ->  Nested Loop (actual rows=12.00 loops=1)
+         ->  Custom Scan (ConstraintAwareAppend) (actual rows=389.00 loops=1)
+               Hypertable: metrics_ordered_idx
+               Chunks excluded during startup: 0
+               ->  Merge Append (actual rows=389.00 loops=1)
+                     Sort Key: d.device_id
                      ->  Custom Scan (ColumnarScan) on _hyper_1_1_chunk d_1 (actual rows=120.00 loops=1)
                            Filter: (EXTRACT(minute FROM "time") = '0'::numeric)
                            Rows Removed by Filter: 360
@@ -320,28 +320,28 @@
                      ->  Custom Scan (ColumnarScan) on _hyper_1_5_chunk d_5 (actual rows=5.00 loops=1)
                            Filter: (EXTRACT(minute FROM "time") = '0'::numeric)
                            ->  Index Scan using compress_hyper_2_10_chunk_device_id_device_id_peer__ts_meta_idx on compress_hyper_2_10_chunk (actual rows=5.00 loops=1)
-               ->  Subquery Scan on m (actual rows=0.00 loops=389)
-                     Filter: (d.device_id_peer = m.device_id_peer)
-                     Rows Removed by Filter: 0
-                     ->  Limit (actual rows=0.00 loops=389)
-                           ->  Custom Scan (ChunkAppend) on metrics_ordered_idx m_1 (actual rows=0.00 loops=389)
-                                 Order: m_1."time" DESC
-                                 Hypertables excluded during runtime: 0
-                                 ->  Custom Scan (ColumnarScan) on _hyper_1_5_chunk m_2 (actual rows=0.00 loops=388)
-                                       ->  Index Scan Backward using compress_hyper_2_10_chunk_device_id_device_id_peer__ts_meta_idx on compress_hyper_2_10_chunk compress_hyper_2_10_chunk_1 (actual rows=0.00 loops=388)
-                                             Index Cond: ((device_id = d.device_id) AND (device_id_peer = 3))
-                                 ->  Custom Scan (ColumnarScan) on _hyper_1_4_chunk m_3 (actual rows=0.00 loops=388)
-                                       ->  Index Scan Backward using compress_hyper_2_9_chunk_device_id_device_id_peer__ts_meta__idx on compress_hyper_2_9_chunk compress_hyper_2_9_chunk_1 (actual rows=0.00 loops=388)
-                                             Index Cond: ((device_id = d.device_id) AND (device_id_peer = 3))
-                                 ->  Custom Scan (ColumnarScan) on _hyper_1_3_chunk m_4 (actual rows=0.00 loops=388)
-                                       ->  Index Scan Backward using compress_hyper_2_8_chunk_device_id_device_id_peer__ts_meta__idx on compress_hyper_2_8_chunk compress_hyper_2_8_chunk_1 (actual rows=0.00 loops=388)
-                                             Index Cond: ((device_id = d.device_id) AND (device_id_peer = 3))
-                                 ->  Custom Scan (ColumnarScan) on _hyper_1_2_chunk m_5 (actual rows=0.00 loops=304)
-                                       ->  Index Scan Backward using compress_hyper_2_7_chunk_device_id_device_id_peer__ts_meta__idx on compress_hyper_2_7_chunk compress_hyper_2_7_chunk_1 (actual rows=0.00 loops=304)
-                                             Index Cond: ((device_id = d.device_id) AND (device_id_peer = 3))
-                                 ->  Custom Scan (ColumnarScan) on _hyper_1_1_chunk m_6 (actual rows=0.00 loops=304)
-                                       ->  Index Scan Backward using compress_hyper_2_6_chunk_device_id_device_id_peer__ts_meta__idx on compress_hyper_2_6_chunk compress_hyper_2_6_chunk_1 (actual rows=0.00 loops=304)
-                                             Index Cond: ((device_id = d.device_id) AND (device_id_peer = 3))
+         ->  Subquery Scan on m (actual rows=0.00 loops=389)
+               Filter: (d.device_id_peer = m.device_id_peer)
+               Rows Removed by Filter: 0
+               ->  Limit (actual rows=0.00 loops=389)
+                     ->  Custom Scan (ChunkAppend) on metrics_ordered_idx m_1 (actual rows=0.00 loops=389)
+                           Order: m_1."time" DESC
+                           Hypertables excluded during runtime: 0
+                           ->  Custom Scan (ColumnarScan) on _hyper_1_5_chunk m_2 (actual rows=0.00 loops=388)
+                                 ->  Index Scan Backward using compress_hyper_2_10_chunk_device_id_device_id_peer__ts_meta_idx on compress_hyper_2_10_chunk compress_hyper_2_10_chunk_1 (actual rows=0.00 loops=388)
+                                       Index Cond: ((device_id = d.device_id) AND (device_id_peer = 3))
+                           ->  Custom Scan (ColumnarScan) on _hyper_1_4_chunk m_3 (actual rows=0.00 loops=388)
+                                 ->  Index Scan Backward using compress_hyper_2_9_chunk_device_id_device_id_peer__ts_meta__idx on compress_hyper_2_9_chunk compress_hyper_2_9_chunk_1 (actual rows=0.00 loops=388)
+                                       Index Cond: ((device_id = d.device_id) AND (device_id_peer = 3))
+                           ->  Custom Scan (ColumnarScan) on _hyper_1_3_chunk m_4 (actual rows=0.00 loops=388)
+                                 ->  Index Scan Backward using compress_hyper_2_8_chunk_device_id_device_id_peer__ts_meta__idx on compress_hyper_2_8_chunk compress_hyper_2_8_chunk_1 (actual rows=0.00 loops=388)
+                                       Index Cond: ((device_id = d.device_id) AND (device_id_peer = 3))
+                           ->  Custom Scan (ColumnarScan) on _hyper_1_2_chunk m_5 (actual rows=0.00 loops=304)
+                                 ->  Index Scan Backward using compress_hyper_2_7_chunk_device_id_device_id_peer__ts_meta__idx on compress_hyper_2_7_chunk compress_hyper_2_7_chunk_1 (actual rows=0.00 loops=304)
+                                       Index Cond: ((device_id = d.device_id) AND (device_id_peer = 3))
+                           ->  Custom Scan (ColumnarScan) on _hyper_1_1_chunk m_6 (actual rows=0.00 loops=304)
+                                 ->  Index Scan Backward using compress_hyper_2_6_chunk_device_id_device_id_peer__ts_meta__idx on compress_hyper_2_6_chunk compress_hyper_2_6_chunk_1 (actual rows=0.00 loops=304)
+                                       Index Cond: ((device_id = d.device_id) AND (device_id_peer = 3))
 
 :PREFIX
 SELECT d.device_id,
@@ -604,14 +604,14 @@
       and met.device_id = 3 and met.v0 = 5;
 --- QUERY PLAN ---
  Nested Loop (actual rows=1.00 loops=1)
-   ->  Values Scan on "*VALUES*" (actual rows=1.00 loops=1)
-         Filter: ((column1 = 3) AND (column2 = 5))
-         Rows Removed by Filter: 1
    ->  Custom Scan (ColumnarScan) on _hyper_1_3_chunk met (actual rows=1.00 loops=1)
          Vectorized Filter: (("time" > 'Wed Jan 19 16:00:00 2000 PST'::timestamp with time zone) AND ("time" < 'Thu Jan 20 17:00:00 2000 PST'::timestamp with time zone) AND (v0 = 5))
          Rows Removed by Filter: 47
          ->  Index Scan using compress_hyper_2_8_chunk_device_id_device_id_peer__ts_meta__idx on compress_hyper_2_8_chunk (actual rows=1.00 loops=1)
                Index Cond: ((device_id = 3) AND (_ts_meta_min_1 < 'Thu Jan 20 17:00:00 2000 PST'::timestamp with time zone) AND (_ts_meta_max_1 > 'Wed Jan 19 16:00:00 2000 PST'::timestamp with time zone))
+   ->  Values Scan on "*VALUES*" (actual rows=1.00 loops=1)
+         Filter: ((column1 = 3) AND (column2 = 5))
+         Rows Removed by Filter: 1
 
 :PREFIX
 WITH lookup as ( SELECT * from (values( 3, 5) , (3, 4) ) as lu( did, version) )
@@ -623,14 +623,13 @@
       and met.device_id_peer = 3 and met.v0 = 5;
 --- QUERY PLAN ---
  Nested Loop (actual rows=0.00 loops=1)
-   ->  Values Scan on "*VALUES*" (actual rows=1.00 loops=1)
-         Filter: ((column1 = 3) AND (column2 = 5))
-         Rows Removed by Filter: 1
    ->  Custom Scan (ColumnarScan) on _hyper_1_3_chunk met (actual rows=0.00 loops=1)
          Vectorized Filter: ((v0 = 5) AND ("time" = 'Wed Jan 19 16:00:00 2000 PST'::timestamp with time zone))
          Rows Removed by Filter: 48
          ->  Index Scan using compress_hyper_2_8_chunk_device_id_device_id_peer__ts_meta__idx on compress_hyper_2_8_chunk (actual rows=1.00 loops=1)
                Index Cond: ((device_id = 3) AND (device_id_peer = 3) AND (_ts_meta_min_1 <= 'Wed Jan 19 16:00:00 2000 PST'::timestamp with time zone) AND (_ts_meta_max_1 >= 'Wed Jan 19 16:00:00 2000 PST'::timestamp with time zone))
+   ->  Values Scan on "*VALUES*" (never executed)
+         Filter: ((column1 = 3) AND (column2 = 5))
 
 -- lateral subquery
 :PREFIX
@@ -643,18 +642,17 @@
    and met.v0 = q.v0 and met.v0 > 2 and time = '2018-01-19 20:00:00-05';
 --- QUERY PLAN ---
  Nested Loop (actual rows=1.00 loops=1)
-   Join Filter: (met.device_id = nodetime.node)
+   Join Filter: ((met.device_id = nodetime.node) AND (met.device_id_peer = "*VALUES*".column2) AND ("*VALUES*".column3 = met.v0))
+   ->  Custom Scan (ColumnarScan) on _hyper_1_4_chunk met (actual rows=1.00 loops=1)
+         Vectorized Filter: ((v0 > 2) AND ("time" = 'Fri Jan 19 17:00:00 2018 PST'::timestamp with time zone))
+         Rows Removed by Filter: 47
+         ->  Index Scan using compress_hyper_2_9_chunk_device_id_device_id_peer__ts_meta__idx on compress_hyper_2_9_chunk (actual rows=1.00 loops=1)
+               Index Cond: ((_ts_meta_min_1 <= 'Fri Jan 19 17:00:00 2018 PST'::timestamp with time zone) AND (_ts_meta_max_1 >= 'Fri Jan 19 17:00:00 2018 PST'::timestamp with time zone))
    ->  Nested Loop (actual rows=1.00 loops=1)
          Join Filter: (nodetime.node = "*VALUES*".column1)
          Rows Removed by Join Filter: 1
          ->  Seq Scan on nodetime (actual rows=1.00 loops=1)
          ->  Values Scan on "*VALUES*" (actual rows=2.00 loops=1)
-   ->  Custom Scan (ColumnarScan) on _hyper_1_4_chunk met (actual rows=1.00 loops=1)
-         Filter: ("*VALUES*".column3 = v0)
-         Rows Removed by Filter: 47
-         Vectorized Filter: ((v0 > 2) AND ("time" = 'Fri Jan 19 17:00:00 2018 PST'::timestamp with time zone))
-         ->  Index Scan using compress_hyper_2_9_chunk_device_id_device_id_peer__ts_meta__idx on compress_hyper_2_9_chunk (actual rows=1.00 loops=1)
-               Index Cond: ((device_id = "*VALUES*".column1) AND (device_id_peer = "*VALUES*".column2) AND (_ts_meta_min_1 <= 'Fri Jan 19 17:00:00 2018 PST'::timestamp with time zone) AND (_ts_meta_max_1 >= 'Fri Jan 19 17:00:00 2018 PST'::timestamp with time zone))
 
 -- filter on compressed attr (v0) with seqscan enabled and indexscan
 -- disabled. filters on compressed attr should be above the seq scan.
@@ -672,14 +670,14 @@
       and met.device_id_peer = 3 and met.v0 = 5;
 --- QUERY PLAN ---
  Nested Loop (actual rows=1.00 loops=1)
-   ->  Values Scan on "*VALUES*" (actual rows=1.00 loops=1)
-         Filter: ((column1 = 3) AND (column2 = 5))
-         Rows Removed by Filter: 1
    ->  Custom Scan (ColumnarScan) on _hyper_1_3_chunk met (actual rows=1.00 loops=1)
          Vectorized Filter: (("time" > 'Wed Jan 19 16:00:00 2000 PST'::timestamp with time zone) AND ("time" < 'Thu Jan 20 17:00:00 2000 PST'::timestamp with time zone) AND (v0 = 5))
          Rows Removed by Filter: 47
          ->  Seq Scan on compress_hyper_2_8_chunk (actual rows=1.00 loops=1)
                Filter: ((_ts_meta_max_1 > 'Wed Jan 19 16:00:00 2000 PST'::timestamp with time zone) AND (_ts_meta_min_1 < 'Thu Jan 20 17:00:00 2000 PST'::timestamp with time zone) AND (device_id = 3) AND (device_id_peer = 3))
+   ->  Values Scan on "*VALUES*" (actual rows=1.00 loops=1)
+         Filter: ((column1 = 3) AND (column2 = 5))
+         Rows Removed by Filter: 1
 
 RESET enable_hashjoin  ;
 RESET enable_mergejoin;
@@ -792,17 +790,18 @@
     2,
     3;
 --- QUERY PLAN ---
- Sort (actual rows=0.00 loops=1)
+ Incremental Sort (actual rows=0.00 loops=1)
    Sort Key: m.device_id, d.v0, (count(*))
-   Sort Method: quicksort 
-   ->  HashAggregate (actual rows=0.00 loops=1)
+   Presorted Key: m.device_id, d.v0
+   Full-sort Groups: 1  Sort Method: quicksort 
+   ->  GroupAggregate (actual rows=0.00 loops=1)
          Group Key: m.device_id, d.v0
-         ->  Hash Join (actual rows=0.00 loops=1)
-               Hash Cond: ((d.device_id = m.device_id) AND (d."time" = m."time"))
+         ->  Nested Loop (actual rows=0.00 loops=1)
+               Join Filter: ((m.device_id = d.device_id) AND (d."time" = m."time"))
                ->  Custom Scan (ConstraintAwareAppend) (actual rows=0.00 loops=1)
                      Hypertable: metrics_ordered_idx
                      Chunks excluded during startup: 2
-               ->  Hash (never executed)
+               ->  Materialize (never executed)
                      ->  Custom Scan (ConstraintAwareAppend) (never executed)
                            Hypertable: metrics_ordered_idx
                            Chunks excluded during startup: 2
diff -u /__w/timescaledb/timescaledb/tsl/test/expected/transparent_decompression_queries-16.out /__w/timescaledb/timescaledb/build/tsl/test/results/transparent_decompression_queries-16.out
--- /__w/timescaledb/timescaledb/tsl/test/expected/transparent_decompression_queries-16.out	2025-11-06 10:19:49.626590908 +0000
+++ /__w/timescaledb/timescaledb/build/tsl/test/results/transparent_decompression_queries-16.out	2025-11-06 10:31:42.351343130 +0000
@@ -167,15 +167,15 @@
 SELECT * from test_chartab
 WHERE check_equal_228(rtt) and ts < '2019-12-15 00:00:00' order by ts;
 --- QUERY PLAN ---
- Sort (actual rows=1.00 loops=1)
-   Sort Key: test_chartab.ts
-   Sort Method: quicksort 
-   ->  Custom Scan (ChunkAppend) on test_chartab (actual rows=1.00 loops=1)
-         Chunks excluded during startup: 0
-         ->  Custom Scan (ColumnarScan) on _hyper_1_1_chunk (actual rows=1.00 loops=1)
-               Filter: check_equal_228(rtt)
-               Rows Removed by Filter: 2
-               Vectorized Filter: (ts < 'Sun Dec 15 00:00:00 2019'::timestamp without time zone)
+ Custom Scan (ChunkAppend) on test_chartab (actual rows=1.00 loops=1)
+   Order: test_chartab.ts
+   Chunks excluded during startup: 0
+   ->  Custom Scan (ColumnarScan) on _hyper_1_1_chunk (actual rows=1.00 loops=1)
+         Filter: ((ts < 'Sun Dec 15 00:00:00 2019'::timestamp without time zone) AND check_equal_228(rtt))
+         Rows Removed by Filter: 2
+         ->  Sort (actual rows=3.00 loops=1)
+               Sort Key: compress_hyper_2_3_chunk._ts_meta_min_1
+               Sort Method: quicksort 
                ->  Seq Scan on compress_hyper_2_3_chunk (actual rows=3.00 loops=1)
                      Filter: (_ts_meta_min_1 < 'Sun Dec 15 00:00:00 2019'::timestamp without time zone)
 
diff -u /__w/timescaledb/timescaledb/tsl/test/shared/expected/constraint_exclusion_prepared-16.out /__w/timescaledb/timescaledb/build/tsl/test/shared/results/constraint_exclusion_prepared-16.out
--- /__w/timescaledb/timescaledb/tsl/test/shared/expected/constraint_exclusion_prepared-16.out	2025-11-06 10:19:49.659591001 +0000
+++ /__w/timescaledb/timescaledb/build/tsl/test/shared/results/constraint_exclusion_prepared-16.out	2025-11-06 10:32:46.454457646 +0000
@@ -1934,98 +1934,44 @@
 PREPARE prep(timestamptz) AS SELECT device_id, time FROM :TEST_TABLE WHERE time = $1 ORDER BY device_id, time;
 :PREFIX EXECUTE prep('2000-01-01 23:42');
 --- QUERY PLAN ---
- Merge Append (actual rows=5.00 loops=1)
+ Sort (actual rows=5.00 loops=1)
    Sort Key: metrics_compressed.device_id
-   ->  Custom Scan (ColumnarScan) on _hyper_X_X_chunk (actual rows=4.00 loops=1)
-         Vectorized Filter: ("time" = $1)
-         Rows Removed by Filter: 3996
-         ->  Sort (actual rows=4.00 loops=1)
-               Sort Key: compress_hyper_X_X_chunk.device_id
-               Sort Method: quicksort 
+   Sort Method: quicksort 
+   ->  Custom Scan (ChunkAppend) on metrics_compressed (actual rows=5.00 loops=1)
+         Chunks excluded during startup: 2
+         ->  Custom Scan (ColumnarScan) on _hyper_X_X_chunk (actual rows=4.00 loops=1)
+               Vectorized Filter: ("time" = $1)
+               Rows Removed by Filter: 3996
                ->  Seq Scan on compress_hyper_X_X_chunk (actual rows=4.00 loops=1)
                      Filter: ((_ts_meta_min_1 <= $1) AND (_ts_meta_max_1 >= $1))
                      Rows Removed by Filter: 14
-   ->  Index Only Scan using _hyper_X_X_chunk_metrics_compressed_device_id_time_idx on _hyper_X_X_chunk (actual rows=1.00 loops=1)
-         Index Cond: ("time" = $1)
-   ->  Custom Scan (ColumnarScan) on _hyper_X_X_chunk (actual rows=0.00 loops=1)
-         Vectorized Filter: ("time" = $1)
-         ->  Sort (actual rows=0.00 loops=1)
-               Sort Key: compress_hyper_X_X_chunk.device_id
-               Sort Method: quicksort 
-               ->  Seq Scan on compress_hyper_X_X_chunk (actual rows=0.00 loops=1)
-                     Filter: ((_ts_meta_min_1 <= $1) AND (_ts_meta_max_1 >= $1))
-                     Rows Removed by Filter: 30
-   ->  Custom Scan (ColumnarScan) on _hyper_X_X_chunk (actual rows=0.00 loops=1)
-         Vectorized Filter: ("time" = $1)
-         ->  Sort (actual rows=0.00 loops=1)
-               Sort Key: compress_hyper_X_X_chunk.device_id
-               Sort Method: quicksort 
-               ->  Seq Scan on compress_hyper_X_X_chunk (actual rows=0.00 loops=1)
-                     Filter: ((_ts_meta_min_1 <= $1) AND (_ts_meta_max_1 >= $1))
-                     Rows Removed by Filter: 30
+         ->  Index Scan using _hyper_X_X_chunk_metrics_compressed_time_idx on _hyper_X_X_chunk (actual rows=1.00 loops=1)
+               Index Cond: ("time" = $1)
 
 :PREFIX EXECUTE prep('2000-01-10 23:42');
 --- QUERY PLAN ---
- Merge Append (actual rows=5.00 loops=1)
+ Sort (actual rows=5.00 loops=1)
    Sort Key: metrics_compressed.device_id
-   ->  Custom Scan (ColumnarScan) on _hyper_X_X_chunk (actual rows=0.00 loops=1)
-         Vectorized Filter: ("time" = $1)
-         ->  Sort (actual rows=0.00 loops=1)
-               Sort Key: compress_hyper_X_X_chunk.device_id
-               Sort Method: quicksort 
-               ->  Seq Scan on compress_hyper_X_X_chunk (actual rows=0.00 loops=1)
-                     Filter: ((_ts_meta_min_1 <= $1) AND (_ts_meta_max_1 >= $1))
-                     Rows Removed by Filter: 18
-   ->  Index Only Scan using _hyper_X_X_chunk_metrics_compressed_device_id_time_idx on _hyper_X_X_chunk (actual rows=0.00 loops=1)
-         Index Cond: ("time" = $1)
-   ->  Custom Scan (ColumnarScan) on _hyper_X_X_chunk (actual rows=5.00 loops=1)
-         Vectorized Filter: ("time" = $1)
-         Rows Removed by Filter: 4995
-         ->  Sort (actual rows=5.00 loops=1)
-               Sort Key: compress_hyper_X_X_chunk.device_id
-               Sort Method: quicksort 
-               ->  Seq Scan on compress_hyper_X_X_chunk (actual rows=5.00 loops=1)
-                     Filter: ((_ts_meta_min_1 <= $1) AND (_ts_meta_max_1 >= $1))
-                     Rows Removed by Filter: 25
-   ->  Custom Scan (ColumnarScan) on _hyper_X_X_chunk (actual rows=0.00 loops=1)
-         Vectorized Filter: ("time" = $1)
-         ->  Sort (actual rows=0.00 loops=1)
-               Sort Key: compress_hyper_X_X_chunk.device_id
-               Sort Method: quicksort 
-               ->  Seq Scan on compress_hyper_X_X_chunk (actual rows=0.00 loops=1)
-                     Filter: ((_ts_meta_min_1 <= $1) AND (_ts_meta_max_1 >= $1))
-                     Rows Removed by Filter: 30
+   Sort Method: quicksort 
+   ->  Custom Scan (ChunkAppend) on metrics_compressed (actual rows=5.00 loops=1)
+         Chunks excluded during startup: 3
+         ->  Custom Scan (ColumnarScan) on _hyper_X_X_chunk (actual rows=5.00 loops=1)
+               Vectorized Filter: ("time" = $1)
+               Rows Removed by Filter: 4995
+               ->  Sort (actual rows=5.00 loops=1)
+                     Sort Key: compress_hyper_X_X_chunk.device_id
+                     Sort Method: quicksort 
+                     ->  Seq Scan on compress_hyper_X_X_chunk (actual rows=5.00 loops=1)
+                           Filter: ((_ts_meta_min_1 <= $1) AND (_ts_meta_max_1 >= $1))
+                           Rows Removed by Filter: 25
 
 :PREFIX EXECUTE prep(now());
 --- QUERY PLAN ---
- Merge Append (actual rows=0.00 loops=1)
+ Sort (actual rows=0.00 loops=1)
    Sort Key: metrics_compressed.device_id
-   ->  Custom Scan (ColumnarScan) on _hyper_X_X_chunk (actual rows=0.00 loops=1)
-         Vectorized Filter: ("time" = $1)
-         ->  Sort (actual rows=0.00 loops=1)
-               Sort Key: compress_hyper_X_X_chunk.device_id
-               Sort Method: quicksort 
-               ->  Seq Scan on compress_hyper_X_X_chunk (actual rows=0.00 loops=1)
-                     Filter: ((_ts_meta_min_1 <= $1) AND (_ts_meta_max_1 >= $1))
-                     Rows Removed by Filter: 18
-   ->  Index Only Scan using _hyper_X_X_chunk_metrics_compressed_device_id_time_idx on _hyper_X_X_chunk (actual rows=0.00 loops=1)
-         Index Cond: ("time" = $1)
-   ->  Custom Scan (ColumnarScan) on _hyper_X_X_chunk (actual rows=0.00 loops=1)
-         Vectorized Filter: ("time" = $1)
-         ->  Sort (actual rows=0.00 loops=1)
-               Sort Key: compress_hyper_X_X_chunk.device_id
-               Sort Method: quicksort 
-               ->  Seq Scan on compress_hyper_X_X_chunk (actual rows=0.00 loops=1)
-                     Filter: ((_ts_meta_min_1 <= $1) AND (_ts_meta_max_1 >= $1))
-                     Rows Removed by Filter: 30
-   ->  Custom Scan (ColumnarScan) on _hyper_X_X_chunk (actual rows=0.00 loops=1)
-         Vectorized Filter: ("time" = $1)
-         ->  Sort (actual rows=0.00 loops=1)
-               Sort Key: compress_hyper_X_X_chunk.device_id
-               Sort Method: quicksort 
-               ->  Seq Scan on compress_hyper_X_X_chunk (actual rows=0.00 loops=1)
-                     Filter: ((_ts_meta_min_1 <= $1) AND (_ts_meta_max_1 >= $1))
-                     Rows Removed by Filter: 30
+   Sort Method: quicksort 
+   ->  Custom Scan (ChunkAppend) on metrics_compressed (actual rows=0.00 loops=1)
+         Chunks excluded during startup: 4
 
 DEALLOCATE prep;
 RESET plan_cache_mode;
@@ -3154,78 +3100,42 @@
    ->  Custom Scan (ColumnarScan) on _hyper_X_X_chunk (actual rows=1.00 loops=1)
          Vectorized Filter: ("time" = $1)
          Rows Removed by Filter: 999
-         ->  Sort (actual rows=1.00 loops=1)
-               Sort Key: compress_hyper_X_X_chunk.device_id
-               Sort Method: quicksort 
-               ->  Seq Scan on compress_hyper_X_X_chunk (actual rows=1.00 loops=1)
-                     Filter: ((_ts_meta_min_1 <= $1) AND (_ts_meta_max_1 >= $1))
-                     Rows Removed by Filter: 3
+         ->  Index Scan using compress_hyper_X_X_chunk_device_id__ts_meta_min_1__ts_meta_idx on compress_hyper_X_X_chunk (actual rows=1.00 loops=1)
+               Index Cond: ((_ts_meta_min_1 <= $1) AND (_ts_meta_max_1 >= $1))
    ->  Custom Scan (ColumnarScan) on _hyper_X_X_chunk (actual rows=3.00 loops=1)
          Vectorized Filter: ("time" = $1)
          Rows Removed by Filter: 2997
-         ->  Sort (actual rows=3.00 loops=1)
-               Sort Key: compress_hyper_X_X_chunk.device_id
-               Sort Method: quicksort 
-               ->  Seq Scan on compress_hyper_X_X_chunk (actual rows=3.00 loops=1)
-                     Filter: ((_ts_meta_min_1 <= $1) AND (_ts_meta_max_1 >= $1))
-                     Rows Removed by Filter: 9
+         ->  Index Scan using compress_hyper_X_X_chunk_device_id__ts_meta_min_1__ts_meta_idx on compress_hyper_X_X_chunk (actual rows=3.00 loops=1)
+               Index Cond: ((_ts_meta_min_1 <= $1) AND (_ts_meta_max_1 >= $1))
    ->  Custom Scan (ColumnarScan) on _hyper_X_X_chunk (actual rows=1.00 loops=1)
          Vectorized Filter: ("time" = $1)
          Rows Removed by Filter: 999
-         ->  Sort (actual rows=1.00 loops=1)
-               Sort Key: compress_hyper_X_X_chunk.device_id
-               Sort Method: quicksort 
-               ->  Seq Scan on compress_hyper_X_X_chunk (actual rows=1.00 loops=1)
-                     Filter: ((_ts_meta_min_1 <= $1) AND (_ts_meta_max_1 >= $1))
-                     Rows Removed by Filter: 3
+         ->  Index Scan using compress_hyper_X_X_chunk_device_id__ts_meta_min_1__ts_meta_idx on compress_hyper_X_X_chunk (actual rows=1.00 loops=1)
+               Index Cond: ((_ts_meta_min_1 <= $1) AND (_ts_meta_max_1 >= $1))
    ->  Custom Scan (ColumnarScan) on _hyper_X_X_chunk (actual rows=0.00 loops=1)
          Vectorized Filter: ("time" = $1)
-         ->  Sort (actual rows=0.00 loops=1)
-               Sort Key: compress_hyper_X_X_chunk.device_id
-               Sort Method: quicksort 
-               ->  Seq Scan on compress_hyper_X_X_chunk (actual rows=0.00 loops=1)
-                     Filter: ((_ts_meta_min_1 <= $1) AND (_ts_meta_max_1 >= $1))
-                     Rows Removed by Filter: 6
+         ->  Index Scan using compress_hyper_X_X_chunk_device_id__ts_meta_min_1__ts_meta_idx on compress_hyper_X_X_chunk (actual rows=0.00 loops=1)
+               Index Cond: ((_ts_meta_min_1 <= $1) AND (_ts_meta_max_1 >= $1))
    ->  Custom Scan (ColumnarScan) on _hyper_X_X_chunk (actual rows=0.00 loops=1)
          Vectorized Filter: ("time" = $1)
-         ->  Sort (actual rows=0.00 loops=1)
-               Sort Key: compress_hyper_X_X_chunk.device_id
-               Sort Method: quicksort 
-               ->  Seq Scan on compress_hyper_X_X_chunk (actual rows=0.00 loops=1)
-                     Filter: ((_ts_meta_min_1 <= $1) AND (_ts_meta_max_1 >= $1))
-                     Rows Removed by Filter: 18
+         ->  Index Scan using compress_hyper_X_X_chunk_device_id__ts_meta_min_1__ts_meta_idx on compress_hyper_X_X_chunk (actual rows=0.00 loops=1)
+               Index Cond: ((_ts_meta_min_1 <= $1) AND (_ts_meta_max_1 >= $1))
    ->  Custom Scan (ColumnarScan) on _hyper_X_X_chunk (actual rows=0.00 loops=1)
          Vectorized Filter: ("time" = $1)
-         ->  Sort (actual rows=0.00 loops=1)
-               Sort Key: compress_hyper_X_X_chunk.device_id
-               Sort Method: quicksort 
-               ->  Seq Scan on compress_hyper_X_X_chunk (actual rows=0.00 loops=1)
-                     Filter: ((_ts_meta_min_1 <= $1) AND (_ts_meta_max_1 >= $1))
-                     Rows Removed by Filter: 6
+         ->  Index Scan using compress_hyper_X_X_chunk_device_id__ts_meta_min_1__ts_meta_idx on compress_hyper_X_X_chunk (actual rows=0.00 loops=1)
+               Index Cond: ((_ts_meta_min_1 <= $1) AND (_ts_meta_max_1 >= $1))
    ->  Custom Scan (ColumnarScan) on _hyper_X_X_chunk (actual rows=0.00 loops=1)
          Vectorized Filter: ("time" = $1)
-         ->  Sort (actual rows=0.00 loops=1)
-               Sort Key: compress_hyper_X_X_chunk.device_id
-               Sort Method: quicksort 
-               ->  Seq Scan on compress_hyper_X_X_chunk (actual rows=0.00 loops=1)
-                     Filter: ((_ts_meta_min_1 <= $1) AND (_ts_meta_max_1 >= $1))
-                     Rows Removed by Filter: 6
+         ->  Index Scan using compress_hyper_X_X_chunk_device_id__ts_meta_min_1__ts_meta_idx on compress_hyper_X_X_chunk (actual rows=0.00 loops=1)
+               Index Cond: ((_ts_meta_min_1 <= $1) AND (_ts_meta_max_1 >= $1))
    ->  Custom Scan (ColumnarScan) on _hyper_X_X_chunk (actual rows=0.00 loops=1)
          Vectorized Filter: ("time" = $1)
-         ->  Sort (actual rows=0.00 loops=1)
-               Sort Key: compress_hyper_X_X_chunk.device_id
-               Sort Method: quicksort 
-               ->  Seq Scan on compress_hyper_X_X_chunk (actual rows=0.00 loops=1)
-                     Filter: ((_ts_meta_min_1 <= $1) AND (_ts_meta_max_1 >= $1))
-                     Rows Removed by Filter: 18
+         ->  Index Scan using compress_hyper_X_X_chunk_device_id__ts_meta_min_1__ts_meta_idx on compress_hyper_X_X_chunk (actual rows=0.00 loops=1)
+               Index Cond: ((_ts_meta_min_1 <= $1) AND (_ts_meta_max_1 >= $1))
    ->  Custom Scan (ColumnarScan) on _hyper_X_X_chunk (actual rows=0.00 loops=1)
          Vectorized Filter: ("time" = $1)
-         ->  Sort (actual rows=0.00 loops=1)
-               Sort Key: compress_hyper_X_X_chunk.device_id
-               Sort Method: quicksort 
-               ->  Seq Scan on compress_hyper_X_X_chunk (actual rows=0.00 loops=1)
-                     Filter: ((_ts_meta_min_1 <= $1) AND (_ts_meta_max_1 >= $1))
-                     Rows Removed by Filter: 6
+         ->  Index Scan using compress_hyper_X_X_chunk_device_id__ts_meta_min_1__ts_meta_idx on compress_hyper_X_X_chunk (actual rows=0.00 loops=1)
+               Index Cond: ((_ts_meta_min_1 <= $1) AND (_ts_meta_max_1 >= $1))
 
 :PREFIX EXECUTE prep('2000-01-10 23:42');
 --- QUERY PLAN ---
@@ -3233,79 +3143,43 @@
    Sort Key: metrics_space_compressed.device_id
    ->  Custom Scan (ColumnarScan) on _hyper_X_X_chunk (actual rows=0.00 loops=1)
          Vectorized Filter: ("time" = $1)
-         ->  Sort (actual rows=0.00 loops=1)
-               Sort Key: compress_hyper_X_X_chunk.device_id
-               Sort Method: quicksort 
-               ->  Seq Scan on compress_hyper_X_X_chunk (actual rows=0.00 loops=1)
-                     Filter: ((_ts_meta_min_1 <= $1) AND (_ts_meta_max_1 >= $1))
-                     Rows Removed by Filter: 4
+         ->  Index Scan using compress_hyper_X_X_chunk_device_id__ts_meta_min_1__ts_meta_idx on compress_hyper_X_X_chunk (actual rows=0.00 loops=1)
+               Index Cond: ((_ts_meta_min_1 <= $1) AND (_ts_meta_max_1 >= $1))
    ->  Custom Scan (ColumnarScan) on _hyper_X_X_chunk (actual rows=0.00 loops=1)
          Vectorized Filter: ("time" = $1)
-         ->  Sort (actual rows=0.00 loops=1)
-               Sort Key: compress_hyper_X_X_chunk.device_id
-               Sort Method: quicksort 
-               ->  Seq Scan on compress_hyper_X_X_chunk (actual rows=0.00 loops=1)
-                     Filter: ((_ts_meta_min_1 <= $1) AND (_ts_meta_max_1 >= $1))
-                     Rows Removed by Filter: 12
+         ->  Index Scan using compress_hyper_X_X_chunk_device_id__ts_meta_min_1__ts_meta_idx on compress_hyper_X_X_chunk (actual rows=0.00 loops=1)
+               Index Cond: ((_ts_meta_min_1 <= $1) AND (_ts_meta_max_1 >= $1))
    ->  Custom Scan (ColumnarScan) on _hyper_X_X_chunk (actual rows=0.00 loops=1)
          Vectorized Filter: ("time" = $1)
-         ->  Sort (actual rows=0.00 loops=1)
-               Sort Key: compress_hyper_X_X_chunk.device_id
-               Sort Method: quicksort 
-               ->  Seq Scan on compress_hyper_X_X_chunk (actual rows=0.00 loops=1)
-                     Filter: ((_ts_meta_min_1 <= $1) AND (_ts_meta_max_1 >= $1))
-                     Rows Removed by Filter: 4
+         ->  Index Scan using compress_hyper_X_X_chunk_device_id__ts_meta_min_1__ts_meta_idx on compress_hyper_X_X_chunk (actual rows=0.00 loops=1)
+               Index Cond: ((_ts_meta_min_1 <= $1) AND (_ts_meta_max_1 >= $1))
    ->  Custom Scan (ColumnarScan) on _hyper_X_X_chunk (actual rows=1.00 loops=1)
          Vectorized Filter: ("time" = $1)
          Rows Removed by Filter: 999
-         ->  Sort (actual rows=1.00 loops=1)
-               Sort Key: compress_hyper_X_X_chunk.device_id
-               Sort Method: quicksort 
-               ->  Seq Scan on compress_hyper_X_X_chunk (actual rows=1.00 loops=1)
-                     Filter: ((_ts_meta_min_1 <= $1) AND (_ts_meta_max_1 >= $1))
-                     Rows Removed by Filter: 5
+         ->  Index Scan using compress_hyper_X_X_chunk_device_id__ts_meta_min_1__ts_meta_idx on compress_hyper_X_X_chunk (actual rows=1.00 loops=1)
+               Index Cond: ((_ts_meta_min_1 <= $1) AND (_ts_meta_max_1 >= $1))
    ->  Custom Scan (ColumnarScan) on _hyper_X_X_chunk (actual rows=3.00 loops=1)
          Vectorized Filter: ("time" = $1)
          Rows Removed by Filter: 2997
-         ->  Sort (actual rows=3.00 loops=1)
-               Sort Key: compress_hyper_X_X_chunk.device_id
-               Sort Method: quicksort 
-               ->  Seq Scan on compress_hyper_X_X_chunk (actual rows=3.00 loops=1)
-                     Filter: ((_ts_meta_min_1 <= $1) AND (_ts_meta_max_1 >= $1))
-                     Rows Removed by Filter: 15
+         ->  Index Scan using compress_hyper_X_X_chunk_device_id__ts_meta_min_1__ts_meta_idx on compress_hyper_X_X_chunk (actual rows=3.00 loops=1)
+               Index Cond: ((_ts_meta_min_1 <= $1) AND (_ts_meta_max_1 >= $1))
    ->  Custom Scan (ColumnarScan) on _hyper_X_X_chunk (actual rows=1.00 loops=1)
          Vectorized Filter: ("time" = $1)
          Rows Removed by Filter: 999
-         ->  Sort (actual rows=1.00 loops=1)
-               Sort Key: compress_hyper_X_X_chunk.device_id
-               Sort Method: quicksort 
-               ->  Seq Scan on compress_hyper_X_X_chunk (actual rows=1.00 loops=1)
-                     Filter: ((_ts_meta_min_1 <= $1) AND (_ts_meta_max_1 >= $1))
-                     Rows Removed by Filter: 5
+         ->  Index Scan using compress_hyper_X_X_chunk_device_id__ts_meta_min_1__ts_meta_idx on compress_hyper_X_X_chunk (actual rows=1.00 loops=1)
+               Index Cond: ((_ts_meta_min_1 <= $1) AND (_ts_meta_max_1 >= $1))
    ->  Custom Scan (ColumnarScan) on _hyper_X_X_chunk (actual rows=0.00 loops=1)
          Vectorized Filter: ("time" = $1)
-         ->  Sort (actual rows=0.00 loops=1)
-               Sort Key: compress_hyper_X_X_chunk.device_id
-               Sort Method: quicksort 
-               ->  Seq Scan on compress_hyper_X_X_chunk (actual rows=0.00 loops=1)
-                     Filter: ((_ts_meta_min_1 <= $1) AND (_ts_meta_max_1 >= $1))
-                     Rows Removed by Filter: 6
+         ->  Index Scan using compress_hyper_X_X_chunk_device_id__ts_meta_min_1__ts_meta_idx on compress_hyper_X_X_chunk (actual rows=0.00 loops=1)
+               Index Cond: ((_ts_meta_min_1 <= $1) AND (_ts_meta_max_1 >= $1))
    ->  Custom Scan (ColumnarScan) on _hyper_X_X_chunk (actual rows=0.00 loops=1)
          Vectorized Filter: ("time" = $1)
-         ->  Sort (actual rows=0.00 loops=1)
-               Sort Key: compress_hyper_X_X_chunk.device_id
-               Sort Method: quicksort 
-               ->  Seq Scan on compress_hyper_X_X_chunk (actual rows=0.00 loops=1)
-                     Filter: ((_ts_meta_min_1 <= $1) AND (_ts_meta_max_1 >= $1))
-                     Rows Removed by Filter: 18
+         ->  Index Scan using compress_hyper_X_X_chunk_device_id__ts_meta_min_1__ts_meta_idx on compress_hyper_X_X_chunk (actual rows=0.00 loops=1)
+               Index Cond: ((_ts_meta_min_1 <= $1) AND (_ts_meta_max_1 >= $1))
    ->  Custom Scan (ColumnarScan) on _hyper_X_X_chunk (actual rows=0.00 loops=1)
          Vectorized Filter: ("time" = $1)
-         ->  Sort (actual rows=0.00 loops=1)
-               Sort Key: compress_hyper_X_X_chunk.device_id
-               Sort Method: quicksort 
-               ->  Seq Scan on compress_hyper_X_X_chunk (actual rows=0.00 loops=1)
-                     Filter: ((_ts_meta_min_1 <= $1) AND (_ts_meta_max_1 >= $1))
-                     Rows Removed by Filter: 6
+         ->  Index Scan using compress_hyper_X_X_chunk_device_id__ts_meta_min_1__ts_meta_idx on compress_hyper_X_X_chunk (actual rows=0.00 loops=1)
+               Index Cond: ((_ts_meta_min_1 <= $1) AND (_ts_meta_max_1 >= $1))
 
 :PREFIX EXECUTE prep(now());
 --- QUERY PLAN ---
@@ -3313,76 +3187,40 @@
    Sort Key: metrics_space_compressed.device_id
    ->  Custom Scan (ColumnarScan) on _hyper_X_X_chunk (actual rows=0.00 loops=1)
          Vectorized Filter: ("time" = $1)
-         ->  Sort (actual rows=0.00 loops=1)
-               Sort Key: compress_hyper_X_X_chunk.device_id
-               Sort Method: quicksort 
-               ->  Seq Scan on compress_hyper_X_X_chunk (actual rows=0.00 loops=1)
-                     Filter: ((_ts_meta_min_1 <= $1) AND (_ts_meta_max_1 >= $1))
-                     Rows Removed by Filter: 4
+         ->  Index Scan using compress_hyper_X_X_chunk_device_id__ts_meta_min_1__ts_meta_idx on compress_hyper_X_X_chunk (actual rows=0.00 loops=1)
+               Index Cond: ((_ts_meta_min_1 <= $1) AND (_ts_meta_max_1 >= $1))
    ->  Custom Scan (ColumnarScan) on _hyper_X_X_chunk (actual rows=0.00 loops=1)
          Vectorized Filter: ("time" = $1)
-         ->  Sort (actual rows=0.00 loops=1)
-               Sort Key: compress_hyper_X_X_chunk.device_id
-               Sort Method: quicksort 
-               ->  Seq Scan on compress_hyper_X_X_chunk (actual rows=0.00 loops=1)
-                     Filter: ((_ts_meta_min_1 <= $1) AND (_ts_meta_max_1 >= $1))
-                     Rows Removed by Filter: 12
+         ->  Index Scan using compress_hyper_X_X_chunk_device_id__ts_meta_min_1__ts_meta_idx on compress_hyper_X_X_chunk (actual rows=0.00 loops=1)
+               Index Cond: ((_ts_meta_min_1 <= $1) AND (_ts_meta_max_1 >= $1))
    ->  Custom Scan (ColumnarScan) on _hyper_X_X_chunk (actual rows=0.00 loops=1)
          Vectorized Filter: ("time" = $1)
-         ->  Sort (actual rows=0.00 loops=1)
-               Sort Key: compress_hyper_X_X_chunk.device_id
-               Sort Method: quicksort 
-               ->  Seq Scan on compress_hyper_X_X_chunk (actual rows=0.00 loops=1)
-                     Filter: ((_ts_meta_min_1 <= $1) AND (_ts_meta_max_1 >= $1))
-                     Rows Removed by Filter: 4
+         ->  Index Scan using compress_hyper_X_X_chunk_device_id__ts_meta_min_1__ts_meta_idx on compress_hyper_X_X_chunk (actual rows=0.00 loops=1)
+               Index Cond: ((_ts_meta_min_1 <= $1) AND (_ts_meta_max_1 >= $1))
    ->  Custom Scan (ColumnarScan) on _hyper_X_X_chunk (actual rows=0.00 loops=1)
          Vectorized Filter: ("time" = $1)
-         ->  Sort (actual rows=0.00 loops=1)
-               Sort Key: compress_hyper_X_X_chunk.device_id
-               Sort Method: quicksort 
-               ->  Seq Scan on compress_hyper_X_X_chunk (actual rows=0.00 loops=1)
-                     Filter: ((_ts_meta_min_1 <= $1) AND (_ts_meta_max_1 >= $1))
-                     Rows Removed by Filter: 6
+         ->  Index Scan using compress_hyper_X_X_chunk_device_id__ts_meta_min_1__ts_meta_idx on compress_hyper_X_X_chunk (actual rows=0.00 loops=1)
+               Index Cond: ((_ts_meta_min_1 <= $1) AND (_ts_meta_max_1 >= $1))
    ->  Custom Scan (ColumnarScan) on _hyper_X_X_chunk (actual rows=0.00 loops=1)
          Vectorized Filter: ("time" = $1)
-         ->  Sort (actual rows=0.00 loops=1)
-               Sort Key: compress_hyper_X_X_chunk.device_id
-               Sort Method: quicksort 
-               ->  Seq Scan on compress_hyper_X_X_chunk (actual rows=0.00 loops=1)
-                     Filter: ((_ts_meta_min_1 <= $1) AND (_ts_meta_max_1 >= $1))
-                     Rows Removed by Filter: 18
+         ->  Index Scan using compress_hyper_X_X_chunk_device_id__ts_meta_min_1__ts_meta_idx on compress_hyper_X_X_chunk (actual rows=0.00 loops=1)
+               Index Cond: ((_ts_meta_min_1 <= $1) AND (_ts_meta_max_1 >= $1))
    ->  Custom Scan (ColumnarScan) on _hyper_X_X_chunk (actual rows=0.00 loops=1)
          Vectorized Filter: ("time" = $1)
-         ->  Sort (actual rows=0.00 loops=1)
-               Sort Key: compress_hyper_X_X_chunk.device_id
-               Sort Method: quicksort 
-               ->  Seq Scan on compress_hyper_X_X_chunk (actual rows=0.00 loops=1)
-                     Filter: ((_ts_meta_min_1 <= $1) AND (_ts_meta_max_1 >= $1))
-                     Rows Removed by Filter: 6
+         ->  Index Scan using compress_hyper_X_X_chunk_device_id__ts_meta_min_1__ts_meta_idx on compress_hyper_X_X_chunk (actual rows=0.00 loops=1)
+               Index Cond: ((_ts_meta_min_1 <= $1) AND (_ts_meta_max_1 >= $1))
    ->  Custom Scan (ColumnarScan) on _hyper_X_X_chunk (actual rows=0.00 loops=1)
          Vectorized Filter: ("time" = $1)
-         ->  Sort (actual rows=0.00 loops=1)
-               Sort Key: compress_hyper_X_X_chunk.device_id
-               Sort Method: quicksort 
-               ->  Seq Scan on compress_hyper_X_X_chunk (actual rows=0.00 loops=1)
-                     Filter: ((_ts_meta_min_1 <= $1) AND (_ts_meta_max_1 >= $1))
-                     Rows Removed by Filter: 6
+         ->  Index Scan using compress_hyper_X_X_chunk_device_id__ts_meta_min_1__ts_meta_idx on compress_hyper_X_X_chunk (actual rows=0.00 loops=1)
+               Index Cond: ((_ts_meta_min_1 <= $1) AND (_ts_meta_max_1 >= $1))
    ->  Custom Scan (ColumnarScan) on _hyper_X_X_chunk (actual rows=0.00 loops=1)
          Vectorized Filter: ("time" = $1)
-         ->  Sort (actual rows=0.00 loops=1)
-               Sort Key: compress_hyper_X_X_chunk.device_id
-               Sort Method: quicksort 
-               ->  Seq Scan on compress_hyper_X_X_chunk (actual rows=0.00 loops=1)
-                     Filter: ((_ts_meta_min_1 <= $1) AND (_ts_meta_max_1 >= $1))
-                     Rows Removed by Filter: 18
+         ->  Index Scan using compress_hyper_X_X_chunk_device_id__ts_meta_min_1__ts_meta_idx on compress_hyper_X_X_chunk (actual rows=0.00 loops=1)
+               Index Cond: ((_ts_meta_min_1 <= $1) AND (_ts_meta_max_1 >= $1))
    ->  Custom Scan (ColumnarScan) on _hyper_X_X_chunk (actual rows=0.00 loops=1)
          Vectorized Filter: ("time" = $1)
-         ->  Sort (actual rows=0.00 loops=1)
-               Sort Key: compress_hyper_X_X_chunk.device_id
-               Sort Method: quicksort 
-               ->  Seq Scan on compress_hyper_X_X_chunk (actual rows=0.00 loops=1)
-                     Filter: ((_ts_meta_min_1 <= $1) AND (_ts_meta_max_1 >= $1))
-                     Rows Removed by Filter: 6
+         ->  Index Scan using compress_hyper_X_X_chunk_device_id__ts_meta_min_1__ts_meta_idx on compress_hyper_X_X_chunk (actual rows=0.00 loops=1)
+               Index Cond: ((_ts_meta_min_1 <= $1) AND (_ts_meta_max_1 >= $1))
 
 DEALLOCATE prep;
 RESET plan_cache_mode;
diff -u /__w/timescaledb/timescaledb/tsl/test/shared/expected/ordered_append_join-16.out /__w/timescaledb/timescaledb/build/tsl/test/shared/results/ordered_append_join-16.out
--- /__w/timescaledb/timescaledb/tsl/test/shared/expected/ordered_append_join-16.out	2025-11-06 10:19:49.663591012 +0000
+++ /__w/timescaledb/timescaledb/build/tsl/test/shared/results/ordered_append_join-16.out	2025-11-06 10:33:00.873483247 +0000
@@ -1793,27 +1793,34 @@
  Nested Loop Left Join (actual rows=2.00 loops=1)
    ->  Function Scan on generate_series g (actual rows=2.00 loops=1)
    ->  Limit (actual rows=1.00 loops=2)
-         ->  Sort (actual rows=1.00 loops=2)
-               Sort Key: o."time"
-               Sort Method: top-N heapsort 
-               ->  Result (actual rows=3600.00 loops=2)
-                     ->  Custom Scan (ChunkAppend) on metrics_compressed o (actual rows=3600.00 loops=2)
-                           Chunks excluded during startup: 0
-                           Chunks excluded during runtime: 1
-                           ->  Merge Append (actual rows=0.00 loops=2)
+         ->  Result (actual rows=1.00 loops=2)
+               ->  Custom Scan (ChunkAppend) on metrics_compressed o (actual rows=1.00 loops=2)
+                     Order: o."time"
+                     Chunks excluded during startup: 0
+                     Chunks excluded during runtime: 1
+                     ->  Merge Append (actual rows=0.00 loops=2)
+                           Sort Key: o."time"
+                           ->  Sort (actual rows=0.00 loops=2)
+                                 Sort Key: o_1."time"
+                                 Sort Method: quicksort 
                                  ->  Custom Scan (ColumnarScan) on _hyper_X_X_chunk o_1 (actual rows=0.00 loops=2)
                                        Filter: (("time" >= g."time") AND ("time" < (g."time" + '@ 1 day'::interval)))
                                        ->  Seq Scan on compress_hyper_X_X_chunk (actual rows=0.00 loops=2)
                                              Filter: ((_ts_meta_max_1 >= g."time") AND (_ts_meta_min_1 < (g."time" + '@ 1 day'::interval)))
                                              Rows Removed by Filter: 18
-                                 ->  Index Scan using _hyper_X_X_chunk_metrics_compressed_time_idx on _hyper_X_X_chunk o_1 (actual rows=0.00 loops=2)
-                                       Index Cond: (("time" >= g."time") AND ("time" < (g."time" + '@ 1 day'::interval)))
+                           ->  Index Scan using _hyper_X_X_chunk_metrics_compressed_time_idx on _hyper_X_X_chunk o_1 (actual rows=0.00 loops=2)
+                                 Index Cond: (("time" >= g."time") AND ("time" < (g."time" + '@ 1 day'::interval)))
+                     ->  Sort (actual rows=1.00 loops=2)
+                           Sort Key: o_2."time"
+                           Sort Method: top-N heapsort 
                            ->  Custom Scan (ColumnarScan) on _hyper_X_X_chunk o_2 (actual rows=3600.00 loops=2)
                                  Filter: (("time" >= g."time") AND ("time" < (g."time" + '@ 1 day'::interval)))
                                  Rows Removed by Filter: 3900
                                  ->  Seq Scan on compress_hyper_X_X_chunk (actual rows=8.00 loops=2)
                                        Filter: ((_ts_meta_max_1 >= g."time") AND (_ts_meta_min_1 < (g."time" + '@ 1 day'::interval)))
                                        Rows Removed by Filter: 22
+                     ->  Sort (never executed)
+                           Sort Key: o_3."time"
                            ->  Custom Scan (ColumnarScan) on _hyper_X_X_chunk o_3 (never executed)
                                  Filter: (("time" >= g."time") AND ("time" < (g."time" + '@ 1 day'::interval)))
                                  ->  Seq Scan on compress_hyper_X_X_chunk (never executed)
@@ -2612,59 +2619,59 @@
 --- QUERY PLAN ---
  Limit (actual rows=100.00 loops=1)
    ->  Merge Join (actual rows=100.00 loops=1)
-         Merge Cond: (o3."time" = o1."time")
-         ->  Custom Scan (ChunkAppend) on metrics_compressed o3 (actual rows=100.00 loops=1)
-               Order: o3."time"
-               ->  Merge Append (actual rows=100.00 loops=1)
-                     Sort Key: o3."time"
-                     ->  Custom Scan (ColumnarScan) on _hyper_X_X_chunk o3_1 (actual rows=100.00 loops=1)
-                           Filter: (device_id = 3)
-                           ->  Index Scan Backward using compress_hyper_X_X_chunk_device_id__ts_meta_min_1__ts_meta_idx on compress_hyper_X_X_chunk compress_hyper_X_X_chunk_2 (actual rows=1.00 loops=1)
-                                 Index Cond: (device_id = 3)
-                     ->  Index Scan using _hyper_X_X_chunk_metrics_compressed_device_id_time_idx on _hyper_X_X_chunk o3_1 (actual rows=0.00 loops=1)
-                           Index Cond: (device_id = 3)
-               ->  Custom Scan (ColumnarScan) on _hyper_X_X_chunk o3_2 (never executed)
-                     ->  Index Scan Backward using compress_hyper_X_X_chunk_device_id__ts_meta_min_1__ts_meta_idx on compress_hyper_X_X_chunk compress_hyper_X_X_chunk_2 (never executed)
-                           Index Cond: (device_id = 3)
-               ->  Custom Scan (ColumnarScan) on _hyper_X_X_chunk o3_3 (never executed)
-                     ->  Index Scan Backward using compress_hyper_X_X_chunk_device_id__ts_meta_min_1__ts_meta_idx on compress_hyper_X_X_chunk compress_hyper_X_X_chunk_2 (never executed)
-                           Index Cond: (device_id = 3)
-         ->  Materialize (actual rows=100.00 loops=1)
-               ->  Merge Join (actual rows=100.00 loops=1)
-                     Merge Cond: (o2."time" = o1."time")
-                     ->  Custom Scan (ChunkAppend) on metrics_compressed o2 (actual rows=100.00 loops=1)
-                           Order: o2."time"
-                           ->  Merge Append (actual rows=100.00 loops=1)
-                                 Sort Key: o2."time"
-                                 ->  Custom Scan (ColumnarScan) on _hyper_X_X_chunk o2_1 (actual rows=100.00 loops=1)
-                                       Filter: (device_id = 2)
-                                       ->  Index Scan Backward using compress_hyper_X_X_chunk_device_id__ts_meta_min_1__ts_meta_idx on compress_hyper_X_X_chunk compress_hyper_X_X_chunk_1 (actual rows=1.00 loops=1)
-                                             Index Cond: (device_id = 2)
-                                 ->  Index Scan using _hyper_X_X_chunk_metrics_compressed_device_id_time_idx on _hyper_X_X_chunk o2_1 (actual rows=0.00 loops=1)
-                                       Index Cond: (device_id = 2)
-                           ->  Custom Scan (ColumnarScan) on _hyper_X_X_chunk o2_2 (never executed)
-                                 ->  Index Scan Backward using compress_hyper_X_X_chunk_device_id__ts_meta_min_1__ts_meta_idx on compress_hyper_X_X_chunk compress_hyper_X_X_chunk_1 (never executed)
-                                       Index Cond: (device_id = 2)
-                           ->  Custom Scan (ColumnarScan) on _hyper_X_X_chunk o2_3 (never executed)
-                                 ->  Index Scan Backward using compress_hyper_X_X_chunk_device_id__ts_meta_min_1__ts_meta_idx on compress_hyper_X_X_chunk compress_hyper_X_X_chunk_1 (never executed)
+         Merge Cond: (o2."time" = o1."time")
+         ->  Merge Join (actual rows=100.00 loops=1)
+               Merge Cond: (o2."time" = o3."time")
+               ->  Custom Scan (ChunkAppend) on metrics_compressed o2 (actual rows=100.00 loops=1)
+                     Order: o2."time"
+                     ->  Merge Append (actual rows=100.00 loops=1)
+                           Sort Key: o2."time"
+                           ->  Custom Scan (ColumnarScan) on _hyper_X_X_chunk o2_1 (actual rows=100.00 loops=1)
+                                 Filter: (device_id = 2)
+                                 ->  Index Scan Backward using compress_hyper_X_X_chunk_device_id__ts_meta_min_1__ts_meta_idx on compress_hyper_X_X_chunk compress_hyper_X_X_chunk_1 (actual rows=1.00 loops=1)
                                        Index Cond: (device_id = 2)
-                     ->  Materialize (actual rows=100.00 loops=1)
-                           ->  Custom Scan (ChunkAppend) on metrics_compressed o1 (actual rows=100.00 loops=1)
-                                 Order: o1."time"
-                                 ->  Merge Append (actual rows=100.00 loops=1)
-                                       Sort Key: o1."time"
-                                       ->  Custom Scan (ColumnarScan) on _hyper_X_X_chunk o1_1 (actual rows=1.00 loops=1)
-                                             Filter: (device_id = 1)
-                                             ->  Index Scan Backward using compress_hyper_X_X_chunk_device_id__ts_meta_min_1__ts_meta_idx on compress_hyper_X_X_chunk (actual rows=1.00 loops=1)
-                                                   Index Cond: (device_id = 1)
-                                       ->  Index Scan using _hyper_X_X_chunk_metrics_compressed_time_idx on _hyper_X_X_chunk o1_1 (actual rows=100.00 loops=1)
-                                             Filter: (device_id = 1)
-                                 ->  Custom Scan (ColumnarScan) on _hyper_X_X_chunk o1_2 (never executed)
-                                       ->  Index Scan Backward using compress_hyper_X_X_chunk_device_id__ts_meta_min_1__ts_meta_idx on compress_hyper_X_X_chunk (never executed)
-                                             Index Cond: (device_id = 1)
-                                 ->  Custom Scan (ColumnarScan) on _hyper_X_X_chunk o1_3 (never executed)
-                                       ->  Index Scan Backward using compress_hyper_X_X_chunk_device_id__ts_meta_min_1__ts_meta_idx on compress_hyper_X_X_chunk (never executed)
-                                             Index Cond: (device_id = 1)
+                           ->  Index Scan using _hyper_X_X_chunk_metrics_compressed_device_id_time_idx on _hyper_X_X_chunk o2_1 (actual rows=0.00 loops=1)
+                                 Index Cond: (device_id = 2)
+                     ->  Custom Scan (ColumnarScan) on _hyper_X_X_chunk o2_2 (never executed)
+                           ->  Index Scan Backward using compress_hyper_X_X_chunk_device_id__ts_meta_min_1__ts_meta_idx on compress_hyper_X_X_chunk compress_hyper_X_X_chunk_1 (never executed)
+                                 Index Cond: (device_id = 2)
+                     ->  Custom Scan (ColumnarScan) on _hyper_X_X_chunk o2_3 (never executed)
+                           ->  Index Scan Backward using compress_hyper_X_X_chunk_device_id__ts_meta_min_1__ts_meta_idx on compress_hyper_X_X_chunk compress_hyper_X_X_chunk_1 (never executed)
+                                 Index Cond: (device_id = 2)
+               ->  Materialize (actual rows=100.00 loops=1)
+                     ->  Custom Scan (ChunkAppend) on metrics_compressed o3 (actual rows=100.00 loops=1)
+                           Order: o3."time"
+                           ->  Merge Append (actual rows=100.00 loops=1)
+                                 Sort Key: o3."time"
+                                 ->  Custom Scan (ColumnarScan) on _hyper_X_X_chunk o3_1 (actual rows=100.00 loops=1)
+                                       Filter: (device_id = 3)
+                                       ->  Index Scan Backward using compress_hyper_X_X_chunk_device_id__ts_meta_min_1__ts_meta_idx on compress_hyper_X_X_chunk compress_hyper_X_X_chunk_2 (actual rows=1.00 loops=1)
+                                             Index Cond: (device_id = 3)
+                                 ->  Index Scan using _hyper_X_X_chunk_metrics_compressed_device_id_time_idx on _hyper_X_X_chunk o3_1 (actual rows=0.00 loops=1)
+                                       Index Cond: (device_id = 3)
+                           ->  Custom Scan (ColumnarScan) on _hyper_X_X_chunk o3_2 (never executed)
+                                 ->  Index Scan Backward using compress_hyper_X_X_chunk_device_id__ts_meta_min_1__ts_meta_idx on compress_hyper_X_X_chunk compress_hyper_X_X_chunk_2 (never executed)
+                                       Index Cond: (device_id = 3)
+                           ->  Custom Scan (ColumnarScan) on _hyper_X_X_chunk o3_3 (never executed)
+                                 ->  Index Scan Backward using compress_hyper_X_X_chunk_device_id__ts_meta_min_1__ts_meta_idx on compress_hyper_X_X_chunk compress_hyper_X_X_chunk_2 (never executed)
+                                       Index Cond: (device_id = 3)
+         ->  Materialize (actual rows=100.00 loops=1)
+               ->  Custom Scan (ChunkAppend) on metrics_compressed o1 (actual rows=100.00 loops=1)
+                     Order: o1."time"
+                     ->  Merge Append (actual rows=100.00 loops=1)
+                           Sort Key: o1."time"
+                           ->  Custom Scan (ColumnarScan) on _hyper_X_X_chunk o1_1 (actual rows=1.00 loops=1)
+                                 Filter: (device_id = 1)
+                                 ->  Index Scan Backward using compress_hyper_X_X_chunk_device_id__ts_meta_min_1__ts_meta_idx on compress_hyper_X_X_chunk (actual rows=1.00 loops=1)
+                                       Index Cond: (device_id = 1)
+                           ->  Index Scan using _hyper_X_X_chunk_metrics_compressed_time_idx on _hyper_X_X_chunk o1_1 (actual rows=100.00 loops=1)
+                                 Filter: (device_id = 1)
+                     ->  Custom Scan (ColumnarScan) on _hyper_X_X_chunk o1_2 (never executed)
+                           ->  Index Scan Backward using compress_hyper_X_X_chunk_device_id__ts_meta_min_1__ts_meta_idx on compress_hyper_X_X_chunk (never executed)
+                                 Index Cond: (device_id = 1)
+                     ->  Custom Scan (ColumnarScan) on _hyper_X_X_chunk o1_3 (never executed)
+                           ->  Index Scan Backward using compress_hyper_X_X_chunk_device_id__ts_meta_min_1__ts_meta_idx on compress_hyper_X_X_chunk (never executed)
+                                 Index Cond: (device_id = 1)
 
 RESET enable_seqscan;
 \set TEST_TABLE 'metrics_space_compressed'
@@ -3293,37 +3300,40 @@
   AND o2.device_id = 2
 ORDER BY o1.time;
 --- QUERY PLAN ---
- Merge Join (actual rows=13674.00 loops=1)
-   Merge Cond: (o1."time" = o2."time")
-   ->  Custom Scan (ChunkAppend) on metrics_space_compressed o1 (actual rows=13674.00 loops=1)
-         Order: o1."time"
-         ->  Custom Scan (ColumnarScan) on _hyper_X_X_chunk o1_1 (actual rows=3598.00 loops=1)
-               Vectorized Filter: ("time" < 'Tue Feb 01 00:00:00 2000 PST'::timestamp with time zone)
-               ->  Index Scan Backward using compress_hyper_X_X_chunk_device_id__ts_meta_min_1__ts_meta_idx on compress_hyper_X_X_chunk (actual rows=4.00 loops=1)
-                     Index Cond: ((device_id = 1) AND (_ts_meta_min_1 < 'Tue Feb 01 00:00:00 2000 PST'::timestamp with time zone))
-         ->  Custom Scan (ColumnarScan) on _hyper_X_X_chunk o1_2 (actual rows=5038.00 loops=1)
-               Vectorized Filter: ("time" < 'Tue Feb 01 00:00:00 2000 PST'::timestamp with time zone)
-               ->  Index Scan Backward using compress_hyper_X_X_chunk_device_id__ts_meta_min_1__ts_meta_idx on compress_hyper_X_X_chunk (actual rows=6.00 loops=1)
-                     Index Cond: ((device_id = 1) AND (_ts_meta_min_1 < 'Tue Feb 01 00:00:00 2000 PST'::timestamp with time zone))
-         ->  Custom Scan (ColumnarScan) on _hyper_X_X_chunk o1_3 (actual rows=5038.00 loops=1)
-               Vectorized Filter: ("time" < 'Tue Feb 01 00:00:00 2000 PST'::timestamp with time zone)
-               ->  Index Scan Backward using compress_hyper_X_X_chunk_device_id__ts_meta_min_1__ts_meta_idx on compress_hyper_X_X_chunk (actual rows=6.00 loops=1)
-                     Index Cond: ((device_id = 1) AND (_ts_meta_min_1 < 'Tue Feb 01 00:00:00 2000 PST'::timestamp with time zone))
-   ->  Materialize (actual rows=13674.00 loops=1)
-         ->  Custom Scan (ChunkAppend) on metrics_space_compressed o2 (actual rows=13674.00 loops=1)
-               Order: o2."time"
-               ->  Custom Scan (ColumnarScan) on _hyper_X_X_chunk o2_1 (actual rows=3598.00 loops=1)
+ Sort (actual rows=13674.00 loops=1)
+   Sort Key: o1."time"
+   Sort Method: quicksort 
+   ->  Hash Join (actual rows=13674.00 loops=1)
+         Hash Cond: (o1."time" = o2."time")
+         ->  Custom Scan (ChunkAppend) on metrics_space_compressed o1 (actual rows=13674.00 loops=1)
+               Order: o1."time"
+               ->  Custom Scan (ColumnarScan) on _hyper_X_X_chunk o1_1 (actual rows=3598.00 loops=1)
                      Vectorized Filter: ("time" < 'Tue Feb 01 00:00:00 2000 PST'::timestamp with time zone)
                      ->  Index Scan Backward using compress_hyper_X_X_chunk_device_id__ts_meta_min_1__ts_meta_idx on compress_hyper_X_X_chunk (actual rows=4.00 loops=1)
-                           Index Cond: ((device_id = 2) AND (_ts_meta_min_1 < 'Tue Feb 01 00:00:00 2000 PST'::timestamp with time zone))
-               ->  Custom Scan (ColumnarScan) on _hyper_X_X_chunk o2_2 (actual rows=5038.00 loops=1)
+                           Index Cond: ((device_id = 1) AND (_ts_meta_min_1 < 'Tue Feb 01 00:00:00 2000 PST'::timestamp with time zone))
+               ->  Custom Scan (ColumnarScan) on _hyper_X_X_chunk o1_2 (actual rows=5038.00 loops=1)
                      Vectorized Filter: ("time" < 'Tue Feb 01 00:00:00 2000 PST'::timestamp with time zone)
                      ->  Index Scan Backward using compress_hyper_X_X_chunk_device_id__ts_meta_min_1__ts_meta_idx on compress_hyper_X_X_chunk (actual rows=6.00 loops=1)
-                           Index Cond: ((device_id = 2) AND (_ts_meta_min_1 < 'Tue Feb 01 00:00:00 2000 PST'::timestamp with time zone))
-               ->  Custom Scan (ColumnarScan) on _hyper_X_X_chunk o2_3 (actual rows=5038.00 loops=1)
+                           Index Cond: ((device_id = 1) AND (_ts_meta_min_1 < 'Tue Feb 01 00:00:00 2000 PST'::timestamp with time zone))
+               ->  Custom Scan (ColumnarScan) on _hyper_X_X_chunk o1_3 (actual rows=5038.00 loops=1)
                      Vectorized Filter: ("time" < 'Tue Feb 01 00:00:00 2000 PST'::timestamp with time zone)
                      ->  Index Scan Backward using compress_hyper_X_X_chunk_device_id__ts_meta_min_1__ts_meta_idx on compress_hyper_X_X_chunk (actual rows=6.00 loops=1)
-                           Index Cond: ((device_id = 2) AND (_ts_meta_min_1 < 'Tue Feb 01 00:00:00 2000 PST'::timestamp with time zone))
+                           Index Cond: ((device_id = 1) AND (_ts_meta_min_1 < 'Tue Feb 01 00:00:00 2000 PST'::timestamp with time zone))
+         ->  Hash (actual rows=13674.00 loops=1)
+               ->  Custom Scan (ChunkAppend) on metrics_space_compressed o2 (actual rows=13674.00 loops=1)
+                     Order: o2."time"
+                     ->  Custom Scan (ColumnarScan) on _hyper_X_X_chunk o2_1 (actual rows=3598.00 loops=1)
+                           Vectorized Filter: ("time" < 'Tue Feb 01 00:00:00 2000 PST'::timestamp with time zone)
+                           ->  Index Scan Backward using compress_hyper_X_X_chunk_device_id__ts_meta_min_1__ts_meta_idx on compress_hyper_X_X_chunk (actual rows=4.00 loops=1)
+                                 Index Cond: ((device_id = 2) AND (_ts_meta_min_1 < 'Tue Feb 01 00:00:00 2000 PST'::timestamp with time zone))
+                     ->  Custom Scan (ColumnarScan) on _hyper_X_X_chunk o2_2 (actual rows=5038.00 loops=1)
+                           Vectorized Filter: ("time" < 'Tue Feb 01 00:00:00 2000 PST'::timestamp with time zone)
+                           ->  Index Scan Backward using compress_hyper_X_X_chunk_device_id__ts_meta_min_1__ts_meta_idx on compress_hyper_X_X_chunk (actual rows=6.00 loops=1)
+                                 Index Cond: ((device_id = 2) AND (_ts_meta_min_1 < 'Tue Feb 01 00:00:00 2000 PST'::timestamp with time zone))
+                     ->  Custom Scan (ColumnarScan) on _hyper_X_X_chunk o2_3 (actual rows=5038.00 loops=1)
+                           Vectorized Filter: ("time" < 'Tue Feb 01 00:00:00 2000 PST'::timestamp with time zone)
+                           ->  Index Scan Backward using compress_hyper_X_X_chunk_device_id__ts_meta_min_1__ts_meta_idx on compress_hyper_X_X_chunk (actual rows=6.00 loops=1)
+                                 Index Cond: ((device_id = 2) AND (_ts_meta_min_1 < 'Tue Feb 01 00:00:00 2000 PST'::timestamp with time zone))
 
 -- test JOIN
 -- last chunk of o2 should not be executed
@@ -4015,44 +4025,44 @@
 --- QUERY PLAN ---
  Limit (actual rows=100.00 loops=1)
    ->  Merge Join (actual rows=100.00 loops=1)
-         Merge Cond: (o3."time" = o1."time")
-         ->  Custom Scan (ChunkAppend) on metrics_space_compressed o3 (actual rows=100.00 loops=1)
-               Order: o3."time"
-               ->  Custom Scan (ColumnarScan) on _hyper_X_X_chunk o3_1 (actual rows=100.00 loops=1)
-                     ->  Index Scan Backward using compress_hyper_X_X_chunk_device_id__ts_meta_min_1__ts_meta_idx on compress_hyper_X_X_chunk (actual rows=1.00 loops=1)
-                           Index Cond: (device_id = 3)
-               ->  Custom Scan (ColumnarScan) on _hyper_X_X_chunk o3_2 (never executed)
-                     ->  Index Scan Backward using compress_hyper_X_X_chunk_device_id__ts_meta_min_1__ts_meta_idx on compress_hyper_X_X_chunk (never executed)
-                           Index Cond: (device_id = 3)
-               ->  Custom Scan (ColumnarScan) on _hyper_X_X_chunk o3_3 (never executed)
-                     ->  Index Scan Backward using compress_hyper_X_X_chunk_device_id__ts_meta_min_1__ts_meta_idx on compress_hyper_X_X_chunk (never executed)
-                           Index Cond: (device_id = 3)
-         ->  Materialize (actual rows=100.00 loops=1)
-               ->  Merge Join (actual rows=100.00 loops=1)
-                     Merge Cond: (o1."time" = o2."time")
-                     ->  Custom Scan (ChunkAppend) on metrics_space_compressed o1 (actual rows=100.00 loops=1)
-                           Order: o1."time"
-                           ->  Custom Scan (ColumnarScan) on _hyper_X_X_chunk o1_1 (actual rows=100.00 loops=1)
+         Merge Cond: (o1."time" = o3."time")
+         ->  Merge Join (actual rows=100.00 loops=1)
+               Merge Cond: (o1."time" = o2."time")
+               ->  Custom Scan (ChunkAppend) on metrics_space_compressed o1 (actual rows=100.00 loops=1)
+                     Order: o1."time"
+                     ->  Custom Scan (ColumnarScan) on _hyper_X_X_chunk o1_1 (actual rows=100.00 loops=1)
+                           ->  Index Scan Backward using compress_hyper_X_X_chunk_device_id__ts_meta_min_1__ts_meta_idx on compress_hyper_X_X_chunk (actual rows=1.00 loops=1)
+                                 Index Cond: (device_id = 1)
+                     ->  Custom Scan (ColumnarScan) on _hyper_X_X_chunk o1_2 (never executed)
+                           ->  Index Scan Backward using compress_hyper_X_X_chunk_device_id__ts_meta_min_1__ts_meta_idx on compress_hyper_X_X_chunk (never executed)
+                                 Index Cond: (device_id = 1)
+                     ->  Custom Scan (ColumnarScan) on _hyper_X_X_chunk o1_3 (never executed)
+                           ->  Index Scan Backward using compress_hyper_X_X_chunk_device_id__ts_meta_min_1__ts_meta_idx on compress_hyper_X_X_chunk (never executed)
+                                 Index Cond: (device_id = 1)
+               ->  Materialize (actual rows=100.00 loops=1)
+                     ->  Custom Scan (ChunkAppend) on metrics_space_compressed o2 (actual rows=100.00 loops=1)
+                           Order: o2."time"
+                           ->  Custom Scan (ColumnarScan) on _hyper_X_X_chunk o2_1 (actual rows=100.00 loops=1)
                                  ->  Index Scan Backward using compress_hyper_X_X_chunk_device_id__ts_meta_min_1__ts_meta_idx on compress_hyper_X_X_chunk (actual rows=1.00 loops=1)
-                                       Index Cond: (device_id = 1)
-                           ->  Custom Scan (ColumnarScan) on _hyper_X_X_chunk o1_2 (never executed)
+                                       Index Cond: (device_id = 2)
+                           ->  Custom Scan (ColumnarScan) on _hyper_X_X_chunk o2_2 (never executed)
                                  ->  Index Scan Backward using compress_hyper_X_X_chunk_device_id__ts_meta_min_1__ts_meta_idx on compress_hyper_X_X_chunk (never executed)
-                                       Index Cond: (device_id = 1)
-                           ->  Custom Scan (ColumnarScan) on _hyper_X_X_chunk o1_3 (never executed)
+                                       Index Cond: (device_id = 2)
+                           ->  Custom Scan (ColumnarScan) on _hyper_X_X_chunk o2_3 (never executed)
                                  ->  Index Scan Backward using compress_hyper_X_X_chunk_device_id__ts_meta_min_1__ts_meta_idx on compress_hyper_X_X_chunk (never executed)
-                                       Index Cond: (device_id = 1)
-                     ->  Materialize (actual rows=100.00 loops=1)
-                           ->  Custom Scan (ChunkAppend) on metrics_space_compressed o2 (actual rows=100.00 loops=1)
-                                 Order: o2."time"
-                                 ->  Custom Scan (ColumnarScan) on _hyper_X_X_chunk o2_1 (actual rows=100.00 loops=1)
-                                       ->  Index Scan Backward using compress_hyper_X_X_chunk_device_id__ts_meta_min_1__ts_meta_idx on compress_hyper_X_X_chunk (actual rows=1.00 loops=1)
-                                             Index Cond: (device_id = 2)
-                                 ->  Custom Scan (ColumnarScan) on _hyper_X_X_chunk o2_2 (never executed)
-                                       ->  Index Scan Backward using compress_hyper_X_X_chunk_device_id__ts_meta_min_1__ts_meta_idx on compress_hyper_X_X_chunk (never executed)
-                                             Index Cond: (device_id = 2)
-                                 ->  Custom Scan (ColumnarScan) on _hyper_X_X_chunk o2_3 (never executed)
-                                       ->  Index Scan Backward using compress_hyper_X_X_chunk_device_id__ts_meta_min_1__ts_meta_idx on compress_hyper_X_X_chunk (never executed)
-                                             Index Cond: (device_id = 2)
+                                       Index Cond: (device_id = 2)
+         ->  Materialize (actual rows=100.00 loops=1)
+               ->  Custom Scan (ChunkAppend) on metrics_space_compressed o3 (actual rows=100.00 loops=1)
+                     Order: o3."time"
+                     ->  Custom Scan (ColumnarScan) on _hyper_X_X_chunk o3_1 (actual rows=100.00 loops=1)
+                           ->  Index Scan Backward using compress_hyper_X_X_chunk_device_id__ts_meta_min_1__ts_meta_idx on compress_hyper_X_X_chunk (actual rows=1.00 loops=1)
+                                 Index Cond: (device_id = 3)
+                     ->  Custom Scan (ColumnarScan) on _hyper_X_X_chunk o3_2 (never executed)
+                           ->  Index Scan Backward using compress_hyper_X_X_chunk_device_id__ts_meta_min_1__ts_meta_idx on compress_hyper_X_X_chunk (never executed)
+                                 Index Cond: (device_id = 3)
+                     ->  Custom Scan (ColumnarScan) on _hyper_X_X_chunk o3_3 (never executed)
+                           ->  Index Scan Backward using compress_hyper_X_X_chunk_device_id__ts_meta_min_1__ts_meta_idx on compress_hyper_X_X_chunk (never executed)
+                                 Index Cond: (device_id = 3)
 
 RESET enable_seqscan;
 -- Disable plain/sorted aggregation to get a deterministic test output
diff -u /__w/timescaledb/timescaledb/test/expected/rowsecurity-16.out /__w/timescaledb/timescaledb/build/test/results/rowsecurity-16.out
--- /__w/timescaledb/timescaledb/test/expected/rowsecurity-16.out	2025-11-06 10:19:49.549590690 +0000
+++ /__w/timescaledb/timescaledb/build/test/results/rowsecurity-16.out	2025-11-06 10:35:10.371811329 +0000
@@ -4318,8 +4318,8 @@
 ALTER TABLE r2 FORCE ROW LEVEL SECURITY;
 -- Errors due to rows in r2
 DELETE FROM r1;
-ERROR:  update or delete on table "r1" violates foreign key constraint "r2_a_fkey" on table "r2"
-DETAIL:  Key (a)=(10) is still referenced from table "r2".
+ERROR:  update or delete on table "r1" violates foreign key constraint "113_23_r2_a_fkey" on table "_hyper_26_113_chunk"
+DETAIL:  Key (a)=(10) is still referenced from table "_hyper_26_113_chunk".
 -- Reset r2 to no-RLS
 DROP POLICY p1 ON r2;
 ALTER TABLE r2 NO FORCE ROW LEVEL SECURITY;
